This is XeTeX, Version 3.14159265-2.6-0.999991 (TeX Live 2019) (preloaded format=xelatex 2020.2.27)  29 JUN 2020 22:11
entering extended mode
 restricted \write18 enabled.
 %&-line parsing enabled.
**workshop_topicmodels.tex
(./workshop_topicmodels.tex
LaTeX2e <2018-12-01>
(/usr/local/texlive/2019/texmf-dist/tex/latex/base/book.cls
Document Class: book 2018/09/03 v1.4i Standard LaTeX document class
(/usr/local/texlive/2019/texmf-dist/tex/latex/base/bk10.clo
File: bk10.clo 2018/09/03 v1.4i Standard LaTeX file (size option)
)
\c@part=\count80
\c@chapter=\count81
\c@section=\count82
\c@subsection=\count83
\c@subsubsection=\count84
\c@paragraph=\count85
\c@subparagraph=\count86
\c@figure=\count87
\c@table=\count88
\abovecaptionskip=\skip41
\belowcaptionskip=\skip42
\bibindent=\dimen102
) (/usr/local/texlive/2019/texmf-dist/tex/latex/lm/lmodern.sty
Package: lmodern 2009/10/30 v1.6 Latin Modern Fonts
LaTeX Font Info:    Overwriting symbol font `operators' in version `normal'
(Font)                  OT1/cmr/m/n --> OT1/lmr/m/n on input line 22.
LaTeX Font Info:    Overwriting symbol font `letters' in version `normal'
(Font)                  OML/cmm/m/it --> OML/lmm/m/it on input line 23.
LaTeX Font Info:    Overwriting symbol font `symbols' in version `normal'
(Font)                  OMS/cmsy/m/n --> OMS/lmsy/m/n on input line 24.
LaTeX Font Info:    Overwriting symbol font `largesymbols' in version `normal'
(Font)                  OMX/cmex/m/n --> OMX/lmex/m/n on input line 25.
LaTeX Font Info:    Overwriting symbol font `operators' in version `bold'
(Font)                  OT1/cmr/bx/n --> OT1/lmr/bx/n on input line 26.
LaTeX Font Info:    Overwriting symbol font `letters' in version `bold'
(Font)                  OML/cmm/b/it --> OML/lmm/b/it on input line 27.
LaTeX Font Info:    Overwriting symbol font `symbols' in version `bold'
(Font)                  OMS/cmsy/b/n --> OMS/lmsy/b/n on input line 28.
LaTeX Font Info:    Overwriting symbol font `largesymbols' in version `bold'
(Font)                  OMX/cmex/m/n --> OMX/lmex/m/n on input line 29.
LaTeX Font Info:    Overwriting math alphabet `\mathbf' in version `normal'
(Font)                  OT1/cmr/bx/n --> OT1/lmr/bx/n on input line 31.
LaTeX Font Info:    Overwriting math alphabet `\mathsf' in version `normal'
(Font)                  OT1/cmss/m/n --> OT1/lmss/m/n on input line 32.
LaTeX Font Info:    Overwriting math alphabet `\mathit' in version `normal'
(Font)                  OT1/cmr/m/it --> OT1/lmr/m/it on input line 33.
LaTeX Font Info:    Overwriting math alphabet `\mathtt' in version `normal'
(Font)                  OT1/cmtt/m/n --> OT1/lmtt/m/n on input line 34.
LaTeX Font Info:    Overwriting math alphabet `\mathbf' in version `bold'
(Font)                  OT1/cmr/bx/n --> OT1/lmr/bx/n on input line 35.
LaTeX Font Info:    Overwriting math alphabet `\mathsf' in version `bold'
(Font)                  OT1/cmss/bx/n --> OT1/lmss/bx/n on input line 36.
LaTeX Font Info:    Overwriting math alphabet `\mathit' in version `bold'
(Font)                  OT1/cmr/bx/it --> OT1/lmr/bx/it on input line 37.
LaTeX Font Info:    Overwriting math alphabet `\mathtt' in version `bold'
(Font)                  OT1/cmtt/m/n --> OT1/lmtt/m/n on input line 38.
) (/usr/local/texlive/2019/texmf-dist/tex/latex/amsfonts/amssymb.sty
Package: amssymb 2013/01/14 v3.01 AMS font symbols
(/usr/local/texlive/2019/texmf-dist/tex/latex/amsfonts/amsfonts.sty
Package: amsfonts 2013/01/14 v3.01 Basic AMSFonts support
\@emptytoks=\toks14
\symAMSa=\mathgroup4
\symAMSb=\mathgroup5
LaTeX Font Info:    Overwriting math alphabet `\mathfrak' in version `bold'
(Font)                  U/euf/m/n --> U/euf/b/n on input line 106.
)) (/usr/local/texlive/2019/texmf-dist/tex/latex/amsmath/amsmath.sty
Package: amsmath 2018/12/01 v2.17b AMS math features
\@mathmargin=\skip43
For additional information on amsmath, use the `?' option.
(/usr/local/texlive/2019/texmf-dist/tex/latex/amsmath/amstext.sty
Package: amstext 2000/06/29 v2.01 AMS text
(/usr/local/texlive/2019/texmf-dist/tex/latex/amsmath/amsgen.sty
File: amsgen.sty 1999/11/30 v2.0 generic functions
\@emptytoks=\toks15
\ex@=\dimen103
)) (/usr/local/texlive/2019/texmf-dist/tex/latex/amsmath/amsbsy.sty
Package: amsbsy 1999/11/29 v1.2d Bold Symbols
\pmbraise@=\dimen104
) (/usr/local/texlive/2019/texmf-dist/tex/latex/amsmath/amsopn.sty
Package: amsopn 2016/03/08 v2.02 operator names
)
\inf@bad=\count89
LaTeX Info: Redefining \frac on input line 223.
\uproot@=\count90
\leftroot@=\count91
LaTeX Info: Redefining \overline on input line 385.
\classnum@=\count92
\DOTSCASE@=\count93
LaTeX Info: Redefining \ldots on input line 482.
LaTeX Info: Redefining \dots on input line 485.
LaTeX Info: Redefining \cdots on input line 606.
\Mathstrutbox@=\box27
\strutbox@=\box28
\big@size=\dimen105
LaTeX Font Info:    Redeclaring font encoding OML on input line 729.
LaTeX Font Info:    Redeclaring font encoding OMS on input line 730.
\macc@depth=\count94
\c@MaxMatrixCols=\count95
\dotsspace@=\muskip10
\c@parentequation=\count96
\dspbrk@lvl=\count97
\tag@help=\toks16
\row@=\count98
\column@=\count99
\maxfields@=\count100
\andhelp@=\toks17
\eqnshift@=\dimen106
\alignsep@=\dimen107
\tagshift@=\dimen108
\tagwidth@=\dimen109
\totwidth@=\dimen110
\lineht@=\dimen111
\@envbody=\toks18
\multlinegap=\skip44
\multlinetaggap=\skip45
\mathdisplay@stack=\toks19
LaTeX Info: Redefining \[ on input line 2844.
LaTeX Info: Redefining \] on input line 2845.
) (/usr/local/texlive/2019/texmf-dist/tex/generic/ifxetex/ifxetex.sty
Package: ifxetex 2010/09/12 v0.6 Provides ifxetex conditional
) (/usr/local/texlive/2019/texmf-dist/tex/generic/oberdiek/ifluatex.sty
Package: ifluatex 2016/05/16 v1.4 Provides the ifluatex switch (HO)
Package ifluatex Info: LuaTeX not detected.
) (/usr/local/texlive/2019/texmf-dist/tex/latex/unicode-math/unicode-math.sty (
/usr/local/texlive/2019/texmf-dist/tex/latex/l3kernel/expl3.sty
Package: expl3 2019-05-07 L3 programming layer (loader) 
(/usr/local/texlive/2019/texmf-dist/tex/latex/l3kernel/expl3-code.tex
Package: expl3 2019-05-07 L3 programming layer (code)
\c_max_int=\count101
\l_tmpa_int=\count102
\l_tmpb_int=\count103
\g_tmpa_int=\count104
\g_tmpb_int=\count105
\g__kernel_prg_map_int=\count106
\c__ior_term_ior=\count107
\c_log_iow=\count108
\l_iow_line_count_int=\count109
\l__iow_line_target_int=\count110
\l__iow_one_indent_int=\count111
\l__iow_indent_int=\count112
\c_zero_dim=\dimen112
\c_max_dim=\dimen113
\l_tmpa_dim=\dimen114
\l_tmpb_dim=\dimen115
\g_tmpa_dim=\dimen116
\g_tmpb_dim=\dimen117
\c_zero_skip=\skip46
\c_max_skip=\skip47
\l_tmpa_skip=\skip48
\l_tmpb_skip=\skip49
\g_tmpa_skip=\skip50
\g_tmpb_skip=\skip51
\c_zero_muskip=\muskip11
\c_max_muskip=\muskip12
\l_tmpa_muskip=\muskip13
\l_tmpb_muskip=\muskip14
\g_tmpa_muskip=\muskip15
\g_tmpb_muskip=\muskip16
\l_keys_choice_int=\count113
\l__intarray_loop_int=\count114
\c__intarray_sp_dim=\dimen118
\g__intarray_font_int=\count115
\c__fp_leading_shift_int=\count116
\c__fp_middle_shift_int=\count117
\c__fp_trailing_shift_int=\count118
\c__fp_big_leading_shift_int=\count119
\c__fp_big_middle_shift_int=\count120
\c__fp_big_trailing_shift_int=\count121
\c__fp_Bigg_leading_shift_int=\count122
\c__fp_Bigg_middle_shift_int=\count123
\c__fp_Bigg_trailing_shift_int=\count124
\g__fp_array_int=\count125
\l__fp_array_loop_int=\count126
\l__sort_length_int=\count127
\l__sort_min_int=\count128
\l__sort_top_int=\count129
\l__sort_max_int=\count130
\l__sort_true_max_int=\count131
\l__sort_block_int=\count132
\l__sort_begin_int=\count133
\l__sort_end_int=\count134
\l__sort_A_int=\count135
\l__sort_B_int=\count136
\l__sort_C_int=\count137
\l__tl_analysis_normal_int=\count138
\l__tl_analysis_index_int=\count139
\l__tl_analysis_nesting_int=\count140
\l__tl_analysis_type_int=\count141
\l__regex_internal_a_int=\count142
\l__regex_internal_b_int=\count143
\l__regex_internal_c_int=\count144
\l__regex_balance_int=\count145
\l__regex_group_level_int=\count146
\l__regex_mode_int=\count147
\c__regex_cs_in_class_mode_int=\count148
\c__regex_cs_mode_int=\count149
\l__regex_catcodes_int=\count150
\l__regex_default_catcodes_int=\count151
\c__regex_catcode_L_int=\count152
\c__regex_catcode_O_int=\count153
\c__regex_catcode_A_int=\count154
\c__regex_all_catcodes_int=\count155
\l__regex_show_lines_int=\count156
\l__regex_min_state_int=\count157
\l__regex_max_state_int=\count158
\l__regex_left_state_int=\count159
\l__regex_right_state_int=\count160
\l__regex_capturing_group_int=\count161
\l__regex_min_pos_int=\count162
\l__regex_max_pos_int=\count163
\l__regex_curr_pos_int=\count164
\l__regex_start_pos_int=\count165
\l__regex_success_pos_int=\count166
\l__regex_curr_char_int=\count167
\l__regex_curr_catcode_int=\count168
\l__regex_last_char_int=\count169
\l__regex_case_changed_char_int=\count170
\l__regex_curr_state_int=\count171
\l__regex_step_int=\count172
\l__regex_min_active_int=\count173
\l__regex_max_active_int=\count174
\l__regex_replacement_csnames_int=\count175
\l__regex_match_count_int=\count176
\l__regex_min_submatch_int=\count177
\l__regex_submatch_int=\count178
\l__regex_zeroth_submatch_int=\count179
\g__regex_trace_regex_int=\count180
\c_empty_box=\box29
\l_tmpa_box=\box30
\l_tmpb_box=\box31
\g_tmpa_box=\box32
\g_tmpb_box=\box33
\l__box_top_dim=\dimen119
\l__box_bottom_dim=\dimen120
\l__box_left_dim=\dimen121
\l__box_right_dim=\dimen122
\l__box_top_new_dim=\dimen123
\l__box_bottom_new_dim=\dimen124
\l__box_left_new_dim=\dimen125
\l__box_right_new_dim=\dimen126
\l__box_internal_box=\box34
\l__coffin_internal_box=\box35
\l__coffin_internal_dim=\dimen127
\l__coffin_offset_x_dim=\dimen128
\l__coffin_offset_y_dim=\dimen129
\l__coffin_x_dim=\dimen130
\l__coffin_y_dim=\dimen131
\l__coffin_x_prime_dim=\dimen132
\l__coffin_y_prime_dim=\dimen133
\c_empty_coffin=\box36
\l__coffin_aligned_coffin=\box37
\l__coffin_aligned_internal_coffin=\box38
\l_tmpa_coffin=\box39
\l_tmpb_coffin=\box40
\g_tmpa_coffin=\box41
\g_tmpb_coffin=\box42
\l__coffin_bounding_shift_dim=\dimen134
\l__coffin_left_corner_dim=\dimen135
\l__coffin_right_corner_dim=\dimen136
\l__coffin_bottom_corner_dim=\dimen137
\l__coffin_top_corner_dim=\dimen138
\l__coffin_scaled_total_height_dim=\dimen139
\l__coffin_scaled_width_dim=\dimen140
\c__coffin_empty_coffin=\box43
\l__coffin_display_coffin=\box44
\l__coffin_display_coord_coffin=\box45
\l__coffin_display_pole_coffin=\box46
\l__coffin_display_offset_dim=\dimen141
\l__coffin_display_x_dim=\dimen142
\l__coffin_display_y_dim=\dimen143
\g__file_internal_ior=\read1
\l__seq_internal_a_int=\count181
\l__seq_internal_b_int=\count182
\c__deprecation_minus_one=\count183
) (/usr/local/texlive/2019/texmf-dist/tex/latex/l3kernel/l3xdvipdfmx.def
File: l3xdvipdfmx.def 2019-04-06 v L3 Experimental driver: xdvipdfmx
\g__driver_image_int=\count184
\l__driver_pdf_tmp_box=\box47
\g__driver_pdf_object_int=\count185
\g__driver_pdf_annotation_int=\count186
))
Package: unicode-math 2019/03/04 v0.8o Unicode maths in XeLaTeX and LuaLaTeX

(/usr/local/texlive/2019/texmf-dist/tex/latex/unicode-math/unicode-math-xetex.s
ty
Package: unicode-math-xetex 2019/03/04 v0.8o Unicode maths in XeLaTeX and LuaLa
TeX
(/usr/local/texlive/2019/texmf-dist/tex/latex/l3packages/xparse/xparse.sty
Package: xparse 2019-05-03 L3 Experimental document command parser
\l__xparse_current_arg_int=\count187
\g__xparse_grabber_int=\count188
\l__xparse_m_args_int=\count189
\l__xparse_v_nesting_int=\count190
) (/usr/local/texlive/2019/texmf-dist/tex/latex/l3packages/l3keys2e/l3keys2e.st
y
Package: l3keys2e 2019-05-03 LaTeX2e option processing using LaTeX3 keys
) (/usr/local/texlive/2019/texmf-dist/tex/latex/fontspec/fontspec.sty
Package: fontspec 2019/03/15 v2.7c Font selection for XeLaTeX and LuaLaTeX
(/usr/local/texlive/2019/texmf-dist/tex/latex/fontspec/fontspec-xetex.sty
Package: fontspec-xetex 2019/03/15 v2.7c Font selection for XeLaTeX and LuaLaTe
X
\l__fontspec_script_int=\count191
\l__fontspec_language_int=\count192
\l__fontspec_strnum_int=\count193
\l__fontspec_tmp_int=\count194
\l__fontspec_tmpa_int=\count195
\l__fontspec_tmpb_int=\count196
\l__fontspec_tmpc_int=\count197
\l__fontspec_em_int=\count198
\l__fontspec_emdef_int=\count199
\l__fontspec_strong_int=\count266
\l__fontspec_strongdef_int=\count267
\l__fontspec_tmpa_dim=\dimen144
\l__fontspec_tmpb_dim=\dimen145
\l__fontspec_tmpc_dim=\dimen146
(/usr/local/texlive/2019/texmf-dist/tex/latex/base/fontenc.sty
Package: fontenc 2018/08/11 v2.0j Standard LaTeX package
(/usr/local/texlive/2019/texmf-dist/tex/latex/base/tuenc.def
File: tuenc.def 2018/08/11 v2.0j Standard LaTeX file
LaTeX Font Info:    Redeclaring font encoding TU on input line 82.
)) (/usr/local/texlive/2019/texmf-dist/tex/latex/fontspec/fontspec.cfg)
LaTeX Info: Redefining \itshape on input line 4051.
LaTeX Info: Redefining \slshape on input line 4056.
LaTeX Info: Redefining \scshape on input line 4061.
LaTeX Info: Redefining \upshape on input line 4066.
LaTeX Info: Redefining \em on input line 4096.
LaTeX Info: Redefining \emph on input line 4121.
)) (/usr/local/texlive/2019/texmf-dist/tex/latex/filehook/filehook.sty
Package: filehook 2011/10/12 v0.5d Hooks for input files
) (/usr/local/texlive/2019/texmf-dist/tex/latex/base/fix-cm.sty
Package: fix-cm 2015/01/14 v1.1t fixes to LaTeX
(/usr/local/texlive/2019/texmf-dist/tex/latex/base/ts1enc.def
File: ts1enc.def 2001/06/05 v3.0e (jk/car/fm) Standard LaTeX file
))
\g__um_fam_int=\count268
\g__um_fonts_used_int=\count269
\l__um_primecount_int=\count270
\g__um_primekern_muskip=\muskip17

(/usr/local/texlive/2019/texmf-dist/tex/latex/unicode-math/unicode-math-table.t
ex)

Package unicode-math Info: I'm going to patch macro \subarray.


Package unicode-math Info: I'm going to patch macro \r@@t.

)) (/usr/local/texlive/2019/texmf-dist/tex/latex/upquote/upquote.sty
Package: upquote 2012/04/19 v1.3 upright-quote and grave-accent glyphs in verba
tim
(/usr/local/texlive/2019/texmf-dist/tex/latex/base/textcomp.sty
Package: textcomp 2018/08/11 v2.0j Standard LaTeX package
Package textcomp Info: Sub-encoding information:
(textcomp)               5 = only ISO-Adobe without \textcurrency
(textcomp)               4 = 5 + \texteuro
(textcomp)               3 = 4 + \textohm
(textcomp)               2 = 3 + \textestimated + \textcurrency
(textcomp)               1 = TS1 - \textcircled - \t
(textcomp)               0 = TS1 (full)
(textcomp)             Font families with sub-encoding setting implement
(textcomp)             only a restricted character set as indicated.
(textcomp)             Family '?' is the default used for unknown fonts.
(textcomp)             See the documentation for details.
Package textcomp Info: Setting ? sub-encoding to TS1/1 on input line 79.
(/usr/local/texlive/2019/texmf-dist/tex/latex/base/ts1enc.def
File: ts1enc.def 2001/06/05 v3.0e (jk/car/fm) Standard LaTeX file
LaTeX Font Info:    Redeclaring font encoding TS1 on input line 47.
)
LaTeX Info: Redefining \oldstylenums on input line 334.
Package textcomp Info: Setting cmr sub-encoding to TS1/0 on input line 349.
Package textcomp Info: Setting cmss sub-encoding to TS1/0 on input line 350.
Package textcomp Info: Setting cmtt sub-encoding to TS1/0 on input line 351.
Package textcomp Info: Setting cmvtt sub-encoding to TS1/0 on input line 352.
Package textcomp Info: Setting cmbr sub-encoding to TS1/0 on input line 353.
Package textcomp Info: Setting cmtl sub-encoding to TS1/0 on input line 354.
Package textcomp Info: Setting ccr sub-encoding to TS1/0 on input line 355.
Package textcomp Info: Setting ptm sub-encoding to TS1/4 on input line 356.
Package textcomp Info: Setting pcr sub-encoding to TS1/4 on input line 357.
Package textcomp Info: Setting phv sub-encoding to TS1/4 on input line 358.
Package textcomp Info: Setting ppl sub-encoding to TS1/3 on input line 359.
Package textcomp Info: Setting pag sub-encoding to TS1/4 on input line 360.
Package textcomp Info: Setting pbk sub-encoding to TS1/4 on input line 361.
Package textcomp Info: Setting pnc sub-encoding to TS1/4 on input line 362.
Package textcomp Info: Setting pzc sub-encoding to TS1/4 on input line 363.
Package textcomp Info: Setting bch sub-encoding to TS1/4 on input line 364.
Package textcomp Info: Setting put sub-encoding to TS1/5 on input line 365.
Package textcomp Info: Setting uag sub-encoding to TS1/5 on input line 366.
Package textcomp Info: Setting ugq sub-encoding to TS1/5 on input line 367.
Package textcomp Info: Setting ul8 sub-encoding to TS1/4 on input line 368.
Package textcomp Info: Setting ul9 sub-encoding to TS1/4 on input line 369.
Package textcomp Info: Setting augie sub-encoding to TS1/5 on input line 370.
Package textcomp Info: Setting dayrom sub-encoding to TS1/3 on input line 371.
Package textcomp Info: Setting dayroms sub-encoding to TS1/3 on input line 372.

Package textcomp Info: Setting pxr sub-encoding to TS1/0 on input line 373.
Package textcomp Info: Setting pxss sub-encoding to TS1/0 on input line 374.
Package textcomp Info: Setting pxtt sub-encoding to TS1/0 on input line 375.
Package textcomp Info: Setting txr sub-encoding to TS1/0 on input line 376.
Package textcomp Info: Setting txss sub-encoding to TS1/0 on input line 377.
Package textcomp Info: Setting txtt sub-encoding to TS1/0 on input line 378.
Package textcomp Info: Setting lmr sub-encoding to TS1/0 on input line 379.
Package textcomp Info: Setting lmdh sub-encoding to TS1/0 on input line 380.
Package textcomp Info: Setting lmss sub-encoding to TS1/0 on input line 381.
Package textcomp Info: Setting lmssq sub-encoding to TS1/0 on input line 382.
Package textcomp Info: Setting lmvtt sub-encoding to TS1/0 on input line 383.
Package textcomp Info: Setting lmtt sub-encoding to TS1/0 on input line 384.
Package textcomp Info: Setting qhv sub-encoding to TS1/0 on input line 385.
Package textcomp Info: Setting qag sub-encoding to TS1/0 on input line 386.
Package textcomp Info: Setting qbk sub-encoding to TS1/0 on input line 387.
Package textcomp Info: Setting qcr sub-encoding to TS1/0 on input line 388.
Package textcomp Info: Setting qcs sub-encoding to TS1/0 on input line 389.
Package textcomp Info: Setting qpl sub-encoding to TS1/0 on input line 390.
Package textcomp Info: Setting qtm sub-encoding to TS1/0 on input line 391.
Package textcomp Info: Setting qzc sub-encoding to TS1/0 on input line 392.
Package textcomp Info: Setting qhvc sub-encoding to TS1/0 on input line 393.
Package textcomp Info: Setting futs sub-encoding to TS1/4 on input line 394.
Package textcomp Info: Setting futx sub-encoding to TS1/4 on input line 395.
Package textcomp Info: Setting futj sub-encoding to TS1/4 on input line 396.
Package textcomp Info: Setting hlh sub-encoding to TS1/3 on input line 397.
Package textcomp Info: Setting hls sub-encoding to TS1/3 on input line 398.
Package textcomp Info: Setting hlst sub-encoding to TS1/3 on input line 399.
Package textcomp Info: Setting hlct sub-encoding to TS1/5 on input line 400.
Package textcomp Info: Setting hlx sub-encoding to TS1/5 on input line 401.
Package textcomp Info: Setting hlce sub-encoding to TS1/5 on input line 402.
Package textcomp Info: Setting hlcn sub-encoding to TS1/5 on input line 403.
Package textcomp Info: Setting hlcw sub-encoding to TS1/5 on input line 404.
Package textcomp Info: Setting hlcf sub-encoding to TS1/5 on input line 405.
Package textcomp Info: Setting pplx sub-encoding to TS1/3 on input line 406.
Package textcomp Info: Setting pplj sub-encoding to TS1/3 on input line 407.
Package textcomp Info: Setting ptmx sub-encoding to TS1/4 on input line 408.
Package textcomp Info: Setting ptmj sub-encoding to TS1/4 on input line 409.
)) (/usr/local/texlive/2019/texmf-dist/tex/latex/microtype/microtype.sty
Package: microtype 2019/02/28 v2.7b Micro-typographical refinements (RS)
(/usr/local/texlive/2019/texmf-dist/tex/latex/graphics/keyval.sty
Package: keyval 2014/10/28 v1.15 key=value parser (DPC)
\KV@toks@=\toks20
)
\MT@toks=\toks21
\MT@count=\count271
LaTeX Info: Redefining \textls on input line 790.
\MT@outer@kern=\dimen147
LaTeX Info: Redefining \textmicrotypecontext on input line 1336.
\MT@listname@count=\count272
(/usr/local/texlive/2019/texmf-dist/tex/latex/microtype/microtype-xetex.def
File: microtype-xetex.def 2019/02/28 v2.7b Definitions specific to xetex (RS)
LaTeX Info: Redefining \lsstyle on input line 258.
)
Package microtype Info: Loading configuration file microtype.cfg.
(/usr/local/texlive/2019/texmf-dist/tex/latex/microtype/microtype.cfg
File: microtype.cfg 2019/02/28 v2.7b microtype main configuration file (RS)
)) (/usr/local/texlive/2019/texmf-dist/tex/latex/parskip/parskip.sty
Package: parskip 2019-01-16 v2.0c non-zero parskip adjustments
(/usr/local/texlive/2019/texmf-dist/tex/latex/oberdiek/kvoptions.sty
Package: kvoptions 2016/05/16 v3.12 Key value format for package options (HO)
(/usr/local/texlive/2019/texmf-dist/tex/generic/oberdiek/ltxcmds.sty
Package: ltxcmds 2016/05/16 v1.23 LaTeX kernel commands for general use (HO)
) (/usr/local/texlive/2019/texmf-dist/tex/generic/oberdiek/kvsetkeys.sty
Package: kvsetkeys 2016/05/16 v1.17 Key value parser (HO)
(/usr/local/texlive/2019/texmf-dist/tex/generic/oberdiek/infwarerr.sty
Package: infwarerr 2016/05/16 v1.4 Providing info/warning/error messages (HO)
) (/usr/local/texlive/2019/texmf-dist/tex/generic/oberdiek/etexcmds.sty
Package: etexcmds 2016/05/16 v1.6 Avoid name clashes with e-TeX commands (HO)
))) (/usr/local/texlive/2019/texmf-dist/tex/latex/etoolbox/etoolbox.sty
Package: etoolbox 2018/08/19 v2.5f e-TeX tools for LaTeX (JAW)
\etb@tempcnta=\count273
)) (/usr/local/texlive/2019/texmf-dist/tex/latex/xcolor/xcolor.sty
Package: xcolor 2016/05/11 v2.12 LaTeX color extensions (UK)
(/usr/local/texlive/2019/texmf-dist/tex/latex/graphics-cfg/color.cfg
File: color.cfg 2016/01/02 v1.6 sample color configuration
)
Package xcolor Info: Driver file: xetex.def on input line 225.
(/usr/local/texlive/2019/texmf-dist/tex/latex/graphics-def/xetex.def
File: xetex.def 2017/06/24 v5.0h Graphics/color driver for xetex
)
Package xcolor Info: Model `cmy' substituted by `cmy0' on input line 1348.
Package xcolor Info: Model `RGB' extended on input line 1364.
Package xcolor Info: Model `HTML' substituted by `rgb' on input line 1366.
Package xcolor Info: Model `Hsb' substituted by `hsb' on input line 1367.
Package xcolor Info: Model `tHsb' substituted by `hsb' on input line 1368.
Package xcolor Info: Model `HSB' substituted by `hsb' on input line 1369.
Package xcolor Info: Model `Gray' substituted by `gray' on input line 1370.
Package xcolor Info: Model `wave' substituted by `hsb' on input line 1371.
) (/usr/local/texlive/2019/texmf-dist/tex/latex/xurl/xurl.sty
Package: xurl 2018/12/23 v 0.07 modify URL breaks
(/usr/local/texlive/2019/texmf-dist/tex/latex/url/url.sty
\Urlmuskip=\muskip18
Package: url 2013/09/16  ver 3.4  Verb mode for urls, etc.
)) (/usr/local/texlive/2019/texmf-dist/tex/latex/oberdiek/bookmark.sty
Package: bookmark 2016/05/17 v1.26 PDF bookmarks (HO)
(/usr/local/texlive/2019/texmf-dist/tex/generic/oberdiek/pdfescape.sty
Package: pdfescape 2016/05/16 v1.14 Implements pdfTeX's escape features (HO)
(/usr/local/texlive/2019/texmf-dist/tex/generic/oberdiek/pdftexcmds.sty
Package: pdftexcmds 2018/09/10 v0.29 Utility functions of pdfTeX for LuaTeX (HO
)
(/usr/local/texlive/2019/texmf-dist/tex/generic/oberdiek/ifpdf.sty
Package: ifpdf 2018/09/07 v3.3 Provides the ifpdf switch
)
Package pdftexcmds Info: LuaTeX not detected.
Package pdftexcmds Info: pdfTeX >= 1.30 not detected.
Package pdftexcmds Info: \pdf@primitive is available.
Package pdftexcmds Info: \pdf@ifprimitive is available.
Package pdftexcmds Info: \pdfdraftmode not found.
)) (/usr/local/texlive/2019/texmf-dist/tex/generic/oberdiek/ifvtex.sty
Package: ifvtex 2016/05/16 v1.6 Detect VTeX and its facilities (HO)
Package ifvtex Info: VTeX not detected.
) (/usr/local/texlive/2019/texmf-dist/tex/latex/hyperref/hyperref.sty
Package: hyperref 2018/11/30 v6.88e Hypertext links for LaTeX
(/usr/local/texlive/2019/texmf-dist/tex/generic/oberdiek/hobsub-hyperref.sty
Package: hobsub-hyperref 2016/05/16 v1.14 Bundle oberdiek, subset hyperref (HO)

(/usr/local/texlive/2019/texmf-dist/tex/generic/oberdiek/hobsub-generic.sty
Package: hobsub-generic 2016/05/16 v1.14 Bundle oberdiek, subset generic (HO)
Package: hobsub 2016/05/16 v1.14 Construct package bundles (HO)
Package hobsub Info: Skipping package `infwarerr' (already loaded).
Package hobsub Info: Skipping package `ltxcmds' (already loaded).
Package hobsub Info: Skipping package `ifluatex' (already loaded).
Package hobsub Info: Skipping package `ifvtex' (already loaded).
Package: intcalc 2016/05/16 v1.2 Expandable calculations with integers (HO)
Package hobsub Info: Skipping package `ifpdf' (already loaded).
Package hobsub Info: Skipping package `etexcmds' (already loaded).
Package hobsub Info: Skipping package `kvsetkeys' (already loaded).
Package: kvdefinekeys 2016/05/16 v1.4 Define keys (HO)
Package hobsub Info: Skipping package `pdftexcmds' (already loaded).
Package hobsub Info: Skipping package `pdfescape' (already loaded).
Package: bigintcalc 2016/05/16 v1.4 Expandable calculations on big integers (HO
)
Package: bitset 2016/05/16 v1.2 Handle bit-vector datatype (HO)
Package: uniquecounter 2016/05/16 v1.3 Provide unlimited unique counter (HO)
)
Package hobsub Info: Skipping package `hobsub' (already loaded).
Package: letltxmacro 2016/05/16 v1.5 Let assignment for LaTeX macros (HO)
Package: hopatch 2016/05/16 v1.3 Wrapper for package hooks (HO)
Package: xcolor-patch 2016/05/16 xcolor patch
Package: atveryend 2016/05/16 v1.9 Hooks at the very end of document (HO)
Package: atbegshi 2016/06/09 v1.18 At begin shipout hook (HO)
Package: refcount 2016/05/16 v3.5 Data extraction from label references (HO)
Package: hycolor 2016/05/16 v1.8 Color options for hyperref/bookmark (HO)
) (/usr/local/texlive/2019/texmf-dist/tex/latex/oberdiek/auxhook.sty
Package: auxhook 2016/05/16 v1.4 Hooks for auxiliary files (HO)
)
\@linkdim=\dimen148
\Hy@linkcounter=\count274
\Hy@pagecounter=\count275
(/usr/local/texlive/2019/texmf-dist/tex/latex/hyperref/pd1enc.def
File: pd1enc.def 2018/11/30 v6.88e Hyperref: PDFDocEncoding definition (HO)
)
\Hy@SavedSpaceFactor=\count276
(/usr/local/texlive/2019/texmf-dist/tex/latex/latexconfig/hyperref.cfg
File: hyperref.cfg 2002/06/06 v1.2 hyperref configuration of TeXLive
)
Package hyperref Info: Option `unicode' set `true' on input line 4393.
(/usr/local/texlive/2019/texmf-dist/tex/latex/hyperref/puenc.def
File: puenc.def 2018/11/30 v6.88e Hyperref: PDF Unicode definition (HO)
)
Package hyperref Info: Hyper figures OFF on input line 4519.
Package hyperref Info: Link nesting OFF on input line 4524.
Package hyperref Info: Hyper index ON on input line 4527.
Package hyperref Info: Plain pages OFF on input line 4534.
Package hyperref Info: Backreferencing OFF on input line 4539.
Package hyperref Info: Implicit mode ON; LaTeX internals redefined.
Package hyperref Info: Bookmarks ON on input line 4772.
\c@Hy@tempcnt=\count277
LaTeX Info: Redefining \url on input line 5125.
\XeTeXLinkMargin=\dimen149
\Fld@menulength=\count278
\Field@Width=\dimen150
\Fld@charsize=\dimen151
Package hyperref Info: Hyper figures OFF on input line 6380.
Package hyperref Info: Link nesting OFF on input line 6385.
Package hyperref Info: Hyper index ON on input line 6388.
Package hyperref Info: backreferencing OFF on input line 6395.
Package hyperref Info: Link coloring OFF on input line 6400.
Package hyperref Info: Link coloring with OCG OFF on input line 6405.
Package hyperref Info: PDF/A mode OFF on input line 6410.
LaTeX Info: Redefining \ref on input line 6450.
LaTeX Info: Redefining \pageref on input line 6454.
\Hy@abspage=\count279
\c@Item=\count280
\c@Hfootnote=\count281
)
Package hyperref Info: Driver (autodetected): hxetex.
(/usr/local/texlive/2019/texmf-dist/tex/latex/hyperref/hxetex.def
File: hxetex.def 2018/11/30 v6.88e Hyperref driver for XeTeX
(/usr/local/texlive/2019/texmf-dist/tex/generic/oberdiek/stringenc.sty
Package: stringenc 2016/05/16 v1.11 Convert strings between diff. encodings (HO
)
)
\pdfm@box=\box48
\c@Hy@AnnotLevel=\count282
\HyField@AnnotCount=\count283
\Fld@listcount=\count284
\c@bookmark@seq@number=\count285
(/usr/local/texlive/2019/texmf-dist/tex/latex/oberdiek/rerunfilecheck.sty
Package: rerunfilecheck 2016/05/16 v1.8 Rerun checks for auxiliary files (HO)
Package uniquecounter Info: New unique counter `rerunfilecheck' on input line 2
82.
)
\Hy@SectionHShift=\skip52
) (/usr/local/texlive/2019/texmf-dist/tex/latex/oberdiek/bkm-dvipdfm.def
File: bkm-dvipdfm.def 2016/05/17 v1.26 bookmark driver for dvipdfm (HO)
\BKM@id=\count286
)) (/usr/local/texlive/2019/texmf-dist/tex/latex/fancyvrb/fancyvrb.sty
Package: fancyvrb 2019/01/15
Style option: `fancyvrb' v3.2a <2019/01/15> (tvz)
\FV@CodeLineNo=\count287
\FV@InFile=\read2
\FV@TabBox=\box49
\c@FancyVerbLine=\count288
\FV@StepNumber=\count289
\FV@OutFile=\write3
) (/usr/local/texlive/2019/texmf-dist/tex/latex/framed/framed.sty
Package: framed 2011/10/22 v 0.96: framed or shaded text with page breaks
\OuterFrameSep=\skip53
\fb@frw=\dimen152
\fb@frh=\dimen153
\FrameRule=\dimen154
\FrameSep=\dimen155
) (/usr/local/texlive/2019/texmf-dist/tex/latex/tools/longtable.sty
Package: longtable 2014/10/28 v4.11 Multi-page Table package (DPC)+ FMi change
\LTleft=\skip54
\LTright=\skip55
\LTpre=\skip56
\LTpost=\skip57
\LTchunksize=\count290
\LTcapwidth=\dimen156
\LT@head=\box50
\LT@firsthead=\box51
\LT@foot=\box52
\LT@lastfoot=\box53
\LT@cols=\count291
\LT@rows=\count292
\c@LT@tables=\count293
\c@LT@chunks=\count294
\LT@p@ftn=\toks22
) (/usr/local/texlive/2019/texmf-dist/tex/latex/booktabs/booktabs.sty
Package: booktabs 2016/04/27 v1.618033 publication quality tables
\heavyrulewidth=\dimen157
\lightrulewidth=\dimen158
\cmidrulewidth=\dimen159
\belowrulesep=\dimen160
\belowbottomsep=\dimen161
\aboverulesep=\dimen162
\abovetopsep=\dimen163
\cmidrulesep=\dimen164
\cmidrulekern=\dimen165
\defaultaddspace=\dimen166
\@cmidla=\count295
\@cmidlb=\count296
\@aboverulesep=\dimen167
\@belowrulesep=\dimen168
\@thisruleclass=\count297
\@lastruleclass=\count298
\@thisrulewidth=\dimen169
) (/usr/local/texlive/2019/texmf-dist/tex/latex/footnotehyper/footnotehyper.sty
Package: footnotehyper 2018/01/23 v1.1 hyperref aware footnote.sty (JFB)
\FNH@notes=\box54
\FNH@width=\dimen170
) (/usr/local/texlive/2019/texmf-dist/tex/latex/graphics/graphicx.sty
Package: graphicx 2017/06/01 v1.1a Enhanced LaTeX Graphics (DPC,SPQR)
(/usr/local/texlive/2019/texmf-dist/tex/latex/graphics/graphics.sty
Package: graphics 2017/06/25 v1.2c Standard LaTeX Graphics (DPC,SPQR)
(/usr/local/texlive/2019/texmf-dist/tex/latex/graphics/trig.sty
Package: trig 2016/01/03 v1.10 sin cos tan (DPC)
) (/usr/local/texlive/2019/texmf-dist/tex/latex/graphics-cfg/graphics.cfg
File: graphics.cfg 2016/06/04 v1.11 sample graphics configuration
)
Package graphics Info: Driver file: xetex.def on input line 99.
)
\Gin@req@height=\dimen171
\Gin@req@width=\dimen172
) (/usr/local/texlive/2019/texmf-dist/tex/latex/oberdiek/grffile.sty
Package: grffile 2017/06/30 v1.18 Extended file name support for graphics (HO)
Package grffile Info: Option `multidot' is set to `true'.
Package grffile Info: Option `extendedchars' is set to `false'.
Package grffile Info: Option `space' is set to `true'.
Package grffile Info: \Gin@ii of package `graphicx' fixed on input line 494.
) (/usr/local/texlive/2019/texmf-dist/tex/latex/natbib/natbib.sty
Package: natbib 2010/09/13 8.31b (PWD, AO)
\bibhang=\skip58
\bibsep=\skip59
LaTeX Info: Redefining \cite on input line 694.
\c@NAT@ctr=\count299
)
No file workshop_topicmodels.aux.
\openout1 = `workshop_topicmodels.aux'.

LaTeX Font Info:    Checking defaults for OML/cmm/m/it on input line 118.
LaTeX Font Info:    ... okay on input line 118.
LaTeX Font Info:    Checking defaults for T1/cmr/m/n on input line 118.
LaTeX Font Info:    ... okay on input line 118.
LaTeX Font Info:    Checking defaults for OT1/cmr/m/n on input line 118.
LaTeX Font Info:    ... okay on input line 118.
LaTeX Font Info:    Checking defaults for OMS/cmsy/m/n on input line 118.
LaTeX Font Info:    ... okay on input line 118.
LaTeX Font Info:    Checking defaults for TU/lmr/m/n on input line 118.
LaTeX Font Info:    ... okay on input line 118.
LaTeX Font Info:    Checking defaults for OMX/cmex/m/n on input line 118.
LaTeX Font Info:    ... okay on input line 118.
LaTeX Font Info:    Checking defaults for U/cmr/m/n on input line 118.
LaTeX Font Info:    ... okay on input line 118.
LaTeX Font Info:    Checking defaults for TS1/cmr/m/n on input line 118.
LaTeX Font Info:    ... okay on input line 118.
LaTeX Font Info:    Checking defaults for PD1/pdf/m/n on input line 118.
LaTeX Font Info:    ... okay on input line 118.
LaTeX Font Info:    Checking defaults for PU/pdf/m/n on input line 118.
LaTeX Font Info:    ... okay on input line 118.
LaTeX Font Info:    Overwriting math alphabet `\mathrm' in version `normal'
(Font)                  OT1/lmr/m/n --> TU/lmr/m/n on input line 118.
LaTeX Font Info:    Overwriting math alphabet `\mathit' in version `normal'
(Font)                  OT1/lmr/m/it --> TU/lmr/m/it on input line 118.
LaTeX Font Info:    Overwriting math alphabet `\mathbf' in version `normal'
(Font)                  OT1/lmr/bx/n --> TU/lmr/bx/n on input line 118.
LaTeX Font Info:    Overwriting math alphabet `\mathsf' in version `normal'
(Font)                  OT1/lmss/m/n --> TU/lmss/m/n on input line 118.
LaTeX Font Info:    Overwriting math alphabet `\mathsf' in version `bold'
(Font)                  OT1/lmss/bx/n --> TU/lmss/bx/n on input line 118.
LaTeX Font Info:    Overwriting math alphabet `\mathtt' in version `normal'
(Font)                  OT1/lmtt/m/n --> TU/lmtt/m/n on input line 118.
LaTeX Font Info:    Overwriting math alphabet `\mathtt' in version `bold'
(Font)                  OT1/lmtt/m/n --> TU/lmtt/bx/n on input line 118.

Package fontspec Info: latinmodern-math scale = 1.


Package fontspec Info: latinmodern-math scale = 1.


Package fontspec Info: latinmodern-math scale = 1.


Package fontspec Info: Font family 'latinmodern-math.otf(0)' created for font
(fontspec)             'latinmodern-math.otf' with options
(fontspec)             [Scale=MatchLowercase,BoldItalicFont={},ItalicFont={},Sm
allCapsFont={},Script=Math,BoldFont={latinmodern-math.otf}].
(fontspec)              
(fontspec)              This font family consists of the following NFSS
(fontspec)             series/shapes:
(fontspec)              
(fontspec)             - 'normal' (m/n) with NFSS spec.:
(fontspec)             <->s*[1]"[latinmodern-math.otf]/OT:script=math;language=
DFLT;"
(fontspec)             - 'small caps'  (m/sc) with NFSS spec.: 
(fontspec)             - 'bold' (bx/n) with NFSS spec.:
(fontspec)             <->s*[1]"[latinmodern-math.otf]/OT:script=math;language=
DFLT;"
(fontspec)             - 'bold small caps'  (bx/sc) with NFSS spec.: 

LaTeX Font Info:    Font shape `TU/latinmodern-math.otf(0)/m/n' will be
(Font)              scaled to size 10.0pt on input line 118.

Package fontspec Info: latinmodern-math scale = 1.


Package fontspec Info: latinmodern-math scale = 1.


Package fontspec Info: latinmodern-math scale = 1.


Package fontspec Info: latinmodern-math scale = 1.


Package fontspec Info: latinmodern-math scale = 1.


Package fontspec Info: Font family 'latinmodern-math.otf(1)' created for font
(fontspec)             'latinmodern-math.otf' with options
(fontspec)             [Scale=MatchLowercase,BoldItalicFont={},ItalicFont={},Sm
allCapsFont={},Script=Math,SizeFeatures={{Size=8.5-},{Size=6-8.5,Font=latinmode
rn-math.otf,Style=MathScript},{Size=-6,Font=latinmodern-math.otf,Style=MathScri
ptScript}},BoldFont={latinmodern-math.otf}].
(fontspec)              
(fontspec)              This font family consists of the following NFSS
(fontspec)             series/shapes:
(fontspec)              
(fontspec)             - 'normal' (m/n) with NFSS spec.:
(fontspec)             <8.5->s*[1]"[latinmodern-math.otf]/OT:script=math;langua
ge=DFLT;"<6-8.5>s*[1]"[latinmodern-math.otf]/OT:script=math;language=DFLT;+ssty
=0;"<-6>s*[1]"[latinmodern-math.otf]/OT:script=math;language=DFLT;+ssty=1;"
(fontspec)             - 'small caps'  (m/sc) with NFSS spec.: 
(fontspec)             - 'bold' (bx/n) with NFSS spec.:
(fontspec)             <->s*[1]"[latinmodern-math.otf]/OT:script=math;language=
DFLT;"
(fontspec)             - 'bold small caps'  (bx/sc) with NFSS spec.: 

LaTeX Font Info:    Font shape `TU/latinmodern-math.otf(1)/m/n' will be
(Font)              scaled to size 10.0pt on input line 118.
LaTeX Font Info:    Encoding `OT1' has changed to `TU' for symbol font
(Font)              `operators' in the math version `normal' on input line 118.

LaTeX Font Info:    Overwriting symbol font `operators' in version `normal'
(Font)                  OT1/lmr/m/n --> TU/latinmodern-math.otf(1)/m/n on input
 line 118.
LaTeX Font Info:    Encoding `OT1' has changed to `TU' for symbol font
(Font)              `operators' in the math version `bold' on input line 118.
LaTeX Font Info:    Overwriting symbol font `operators' in version `bold'
(Font)                  OT1/lmr/bx/n --> TU/latinmodern-math.otf(1)/bx/n on inp
ut line 118.

Package fontspec Info: latinmodern-math scale = 1.


Package fontspec Info: latinmodern-math scale = 1.0001.


Package fontspec Info: latinmodern-math scale = 1.


Package fontspec Info: latinmodern-math scale = 1.0001.


Package fontspec Info: latinmodern-math scale = 1.


Package fontspec Info: latinmodern-math scale = 1.0001.


Package fontspec Info: latinmodern-math scale = 1.


Package fontspec Info: latinmodern-math scale = 1.0001.


Package fontspec Info: latinmodern-math scale = 1.


Package fontspec Info: latinmodern-math scale = 1.0001.


Package fontspec Info: Font family 'latinmodern-math.otf(2)' created for font
(fontspec)             'latinmodern-math.otf' with options
(fontspec)             [Scale=MatchLowercase,BoldItalicFont={},ItalicFont={},Sm
allCapsFont={},Script=Math,SizeFeatures={{Size=8.5-},{Size=6-8.5,Font=latinmode
rn-math.otf,Style=MathScript},{Size=-6,Font=latinmodern-math.otf,Style=MathScri
ptScript}},BoldFont={latinmodern-math.otf},ScaleAgain=1.0001,FontAdjustment={\f
ontdimen
(fontspec)             8\font =6.77pt\relax \fontdimen 9\font =3.94pt\relax
(fontspec)             \fontdimen 10\font =4.44pt\relax \fontdimen 11\font
(fontspec)             =6.86pt\relax \fontdimen 12\font =3.45pt\relax
(fontspec)             \fontdimen 13\font =3.63pt\relax \fontdimen 14\font
(fontspec)             =3.63pt\relax \fontdimen 15\font =2.89pt\relax
(fontspec)             \fontdimen 16\font =2.47pt\relax \fontdimen 17\font
(fontspec)             =2.47pt\relax \fontdimen 18\font =2.5pt\relax
(fontspec)             \fontdimen 19\font =2.0pt\relax \fontdimen 22\font
(fontspec)             =2.5pt\relax \fontdimen 20\font =0pt\relax \fontdimen
(fontspec)             21\font =0pt\relax }].
(fontspec)              
(fontspec)              This font family consists of the following NFSS
(fontspec)             series/shapes:
(fontspec)              
(fontspec)             - 'normal' (m/n) with NFSS spec.:
(fontspec)             <8.5->s*[1.0001]"[latinmodern-math.otf]/OT:script=math;l
anguage=DFLT;"<6-8.5>s*[1.0001]"[latinmodern-math.otf]/OT:script=math;language=
DFLT;+ssty=0;"<-6>s*[1.0001]"[latinmodern-math.otf]/OT:script=math;language=DFL
T;+ssty=1;"
(fontspec)             - 'small caps'  (m/sc) with NFSS spec.: 
(fontspec)             and font adjustment code:
(fontspec)             \fontdimen 8\font =6.77pt\relax \fontdimen 9\font
(fontspec)             =3.94pt\relax \fontdimen 10\font =4.44pt\relax
(fontspec)             \fontdimen 11\font =6.86pt\relax \fontdimen 12\font
(fontspec)             =3.45pt\relax \fontdimen 13\font =3.63pt\relax
(fontspec)             \fontdimen 14\font =3.63pt\relax \fontdimen 15\font
(fontspec)             =2.89pt\relax \fontdimen 16\font =2.47pt\relax
(fontspec)             \fontdimen 17\font =2.47pt\relax \fontdimen 18\font
(fontspec)             =2.5pt\relax \fontdimen 19\font =2.0pt\relax \fontdimen
(fontspec)             22\font =2.5pt\relax \fontdimen 20\font =0pt\relax
(fontspec)             \fontdimen 21\font =0pt\relax 
(fontspec)             - 'bold' (bx/n) with NFSS spec.:
(fontspec)             <->s*[1.0001]"[latinmodern-math.otf]/OT:script=math;lang
uage=DFLT;"
(fontspec)             - 'bold small caps'  (bx/sc) with NFSS spec.: 
(fontspec)             and font adjustment code:
(fontspec)             \fontdimen 8\font =6.77pt\relax \fontdimen 9\font
(fontspec)             =3.94pt\relax \fontdimen 10\font =4.44pt\relax
(fontspec)             \fontdimen 11\font =6.86pt\relax \fontdimen 12\font
(fontspec)             =3.45pt\relax \fontdimen 13\font =3.63pt\relax
(fontspec)             \fontdimen 14\font =3.63pt\relax \fontdimen 15\font
(fontspec)             =2.89pt\relax \fontdimen 16\font =2.47pt\relax
(fontspec)             \fontdimen 17\font =2.47pt\relax \fontdimen 18\font
(fontspec)             =2.5pt\relax \fontdimen 19\font =2.0pt\relax \fontdimen
(fontspec)             22\font =2.5pt\relax \fontdimen 20\font =0pt\relax
(fontspec)             \fontdimen 21\font =0pt\relax 

LaTeX Font Info:    Encoding `OMS' has changed to `TU' for symbol font
(Font)              `symbols' in the math version `normal' on input line 118.
LaTeX Font Info:    Overwriting symbol font `symbols' in version `normal'
(Font)                  OMS/lmsy/m/n --> TU/latinmodern-math.otf(2)/m/n on inpu
t line 118.
LaTeX Font Info:    Encoding `OMS' has changed to `TU' for symbol font
(Font)              `symbols' in the math version `bold' on input line 118.
LaTeX Font Info:    Overwriting symbol font `symbols' in version `bold'
(Font)                  OMS/lmsy/b/n --> TU/latinmodern-math.otf(2)/bx/n on inp
ut line 118.

Package fontspec Info: latinmodern-math scale = 1.


Package fontspec Info: latinmodern-math scale = 0.9999.


Package fontspec Info: latinmodern-math scale = 1.


Package fontspec Info: latinmodern-math scale = 0.9999.


Package fontspec Info: latinmodern-math scale = 1.


Package fontspec Info: latinmodern-math scale = 0.9999.


Package fontspec Info: latinmodern-math scale = 1.


Package fontspec Info: latinmodern-math scale = 0.9999.


Package fontspec Info: latinmodern-math scale = 1.


Package fontspec Info: latinmodern-math scale = 0.9999.


Package fontspec Info: Font family 'latinmodern-math.otf(3)' created for font
(fontspec)             'latinmodern-math.otf' with options
(fontspec)             [Scale=MatchLowercase,BoldItalicFont={},ItalicFont={},Sm
allCapsFont={},Script=Math,SizeFeatures={{Size=8.5-},{Size=6-8.5,Font=latinmode
rn-math.otf,Style=MathScript},{Size=-6,Font=latinmodern-math.otf,Style=MathScri
ptScript}},BoldFont={latinmodern-math.otf},ScaleAgain=0.9999,FontAdjustment={\f
ontdimen
(fontspec)             8\font =0.4pt\relax \fontdimen 9\font =2.0pt\relax
(fontspec)             \fontdimen 10\font =1.67pt\relax \fontdimen 11\font
(fontspec)             =1.11pt\relax \fontdimen 12\font =6.0pt\relax
(fontspec)             \fontdimen 13\font =0pt\relax }].
(fontspec)              
(fontspec)              This font family consists of the following NFSS
(fontspec)             series/shapes:
(fontspec)              
(fontspec)             - 'normal' (m/n) with NFSS spec.:
(fontspec)             <8.5->s*[0.9999]"[latinmodern-math.otf]/OT:script=math;l
anguage=DFLT;"<6-8.5>s*[0.9999]"[latinmodern-math.otf]/OT:script=math;language=
DFLT;+ssty=0;"<-6>s*[0.9999]"[latinmodern-math.otf]/OT:script=math;language=DFL
T;+ssty=1;"
(fontspec)             - 'small caps'  (m/sc) with NFSS spec.: 
(fontspec)             and font adjustment code:
(fontspec)             \fontdimen 8\font =0.4pt\relax \fontdimen 9\font
(fontspec)             =2.0pt\relax \fontdimen 10\font =1.67pt\relax
(fontspec)             \fontdimen 11\font =1.11pt\relax \fontdimen 12\font
(fontspec)             =6.0pt\relax \fontdimen 13\font =0pt\relax 
(fontspec)             - 'bold' (bx/n) with NFSS spec.:
(fontspec)             <->s*[0.9999]"[latinmodern-math.otf]/OT:script=math;lang
uage=DFLT;"
(fontspec)             - 'bold small caps'  (bx/sc) with NFSS spec.: 
(fontspec)             and font adjustment code:
(fontspec)             \fontdimen 8\font =0.4pt\relax \fontdimen 9\font
(fontspec)             =2.0pt\relax \fontdimen 10\font =1.67pt\relax
(fontspec)             \fontdimen 11\font =1.11pt\relax \fontdimen 12\font
(fontspec)             =6.0pt\relax \fontdimen 13\font =0pt\relax 

LaTeX Font Info:    Encoding `OMX' has changed to `TU' for symbol font
(Font)              `largesymbols' in the math version `normal' on input line 1
18.
LaTeX Font Info:    Overwriting symbol font `largesymbols' in version `normal'
(Font)                  OMX/lmex/m/n --> TU/latinmodern-math.otf(3)/m/n on inpu
t line 118.
LaTeX Font Info:    Encoding `OMX' has changed to `TU' for symbol font
(Font)              `largesymbols' in the math version `bold' on input line 118
.
LaTeX Font Info:    Overwriting symbol font `largesymbols' in version `bold'
(Font)                  OMX/lmex/m/n --> TU/latinmodern-math.otf(3)/bx/n on inp
ut line 118.
LaTeX Info: Redefining \microtypecontext on input line 118.
Package microtype Info: Character protrusion enabled (level 2).
Package microtype Info: Using protrusion set `basicmath'.
Package microtype Info: No adjustment of tracking.
Package microtype Info: No adjustment of spacing.
Package microtype Info: No adjustment of kerning.

(/usr/local/texlive/2019/texmf-dist/tex/latex/microtype/mt-LatinModernRoman.cfg
File: mt-LatinModernRoman.cfg 2013/03/13 v1.0 microtype config. file: Latin Mod
ern Roman (RS)
)
\AtBeginShipoutBox=\box55
Package hyperref Info: Link coloring OFF on input line 118.
(/usr/local/texlive/2019/texmf-dist/tex/latex/hyperref/nameref.sty
Package: nameref 2016/05/21 v2.44 Cross-referencing by name of section
(/usr/local/texlive/2019/texmf-dist/tex/generic/oberdiek/gettitlestring.sty
Package: gettitlestring 2016/05/16 v1.5 Cleanup title references (HO)
)
\c@section@level=\count300
)
LaTeX Info: Redefining \ref on input line 118.
LaTeX Info: Redefining \pageref on input line 118.
LaTeX Info: Redefining \nameref on input line 118.

Package hyperref Warning: Rerun to get /PageLabels entry.

LaTeX Font Info:    Font shape `TU/latinmodern-math.otf(1)/m/n' will be
(Font)              scaled to size 12.0pt on input line 120.
LaTeX Font Info:    Font shape `TU/latinmodern-math.otf(1)/m/n' will be
(Font)              scaled to size 8.0pt on input line 120.
LaTeX Font Info:    Font shape `TU/latinmodern-math.otf(1)/m/n' will be
(Font)              scaled to size 6.0pt on input line 120.
LaTeX Font Info:    Try loading font information for OML+lmm on input line 120.

(/usr/local/texlive/2019/texmf-dist/tex/latex/lm/omllmm.fd
File: omllmm.fd 2009/10/30 v1.6 Font defs for Latin Modern
)
LaTeX Font Info:    Font shape `TU/latinmodern-math.otf(2)/m/n' will be
(Font)              scaled to size 12.00128pt on input line 120.
LaTeX Font Info:    Font shape `TU/latinmodern-math.otf(2)/m/n' will be
(Font)              scaled to size 8.00085pt on input line 120.
LaTeX Font Info:    Font shape `TU/latinmodern-math.otf(2)/m/n' will be
(Font)              scaled to size 6.00064pt on input line 120.
LaTeX Font Info:    Font shape `TU/latinmodern-math.otf(3)/m/n' will be
(Font)              scaled to size 11.99872pt on input line 120.
LaTeX Font Info:    Font shape `TU/latinmodern-math.otf(3)/m/n' will be
(Font)              scaled to size 7.99915pt on input line 120.
LaTeX Font Info:    Font shape `TU/latinmodern-math.otf(3)/m/n' will be
(Font)              scaled to size 5.99936pt on input line 120.
LaTeX Font Info:    Try loading font information for U+msa on input line 120.
(/usr/local/texlive/2019/texmf-dist/tex/latex/amsfonts/umsa.fd
File: umsa.fd 2013/01/14 v3.01 AMS symbols A
) (/usr/local/texlive/2019/texmf-dist/tex/latex/microtype/mt-msa.cfg
File: mt-msa.cfg 2006/02/04 v1.1 microtype config. file: AMS symbols (a) (RS)
)
LaTeX Font Info:    Try loading font information for U+msb on input line 120.
(/usr/local/texlive/2019/texmf-dist/tex/latex/amsfonts/umsb.fd
File: umsb.fd 2013/01/14 v3.01 AMS symbols B
) (/usr/local/texlive/2019/texmf-dist/tex/latex/microtype/mt-msb.cfg
File: mt-msb.cfg 2005/06/01 v1.0 microtype config. file: AMS symbols (b) (RS)
) [1


] [2

]
\tf@toc=\write4
\openout4 = `workshop_topicmodels.toc'.

[3] [4

]
Chapter 1.

Package natbib Warning: Citation `robertsStmPackageStructural2019' on page 5 un
defined on input line 158.

[5]
LaTeX Font Info:    Font shape `TU/latinmodern-math.otf(1)/m/n' will be
(Font)              scaled to size 7.0pt on input line 183.
LaTeX Font Info:    Font shape `TU/latinmodern-math.otf(1)/m/n' will be
(Font)              scaled to size 5.0pt on input line 183.
LaTeX Font Info:    Font shape `TU/latinmodern-math.otf(2)/m/n' will be
(Font)              scaled to size 10.00107pt on input line 183.
LaTeX Font Info:    Font shape `TU/latinmodern-math.otf(2)/m/n' will be
(Font)              scaled to size 7.00075pt on input line 183.
LaTeX Font Info:    Font shape `TU/latinmodern-math.otf(2)/m/n' will be
(Font)              scaled to size 5.00053pt on input line 183.
LaTeX Font Info:    Font shape `TU/latinmodern-math.otf(3)/m/n' will be
(Font)              scaled to size 9.99893pt on input line 183.
LaTeX Font Info:    Font shape `TU/latinmodern-math.otf(3)/m/n' will be
(Font)              scaled to size 6.99925pt on input line 183.
LaTeX Font Info:    Font shape `TU/latinmodern-math.otf(3)/m/n' will be
(Font)              scaled to size 4.99947pt on input line 183.

Package natbib Warning: Citation `maierApplyingLDATopic2018' on page 6 undefine
d on input line 194.


Package natbib Warning: Citation `robertsStmPackageStructural2019' on page 6 un
defined on input line 194.

[6]
LaTeX Font Info:    Font shape `TU/lmtt/bx/n' in size <10> not available
(Font)              Font shape `TU/lmtt/b/n' tried instead on input line 249.

Underfull \vbox (badness 10000) has occurred while \output is active []

[7] [8]
Chapter 2.

Underfull \hbox (badness 1325) in paragraph at lines 314--315
[]\TU/lmr/m/n/10 Wir verwenden einen Ausschnitt der Daten aus der Beispielstudi
e.
 []


Overfull \hbox (33.0pt too wide) in paragraph at lines 356--356
[]\TU/lmtt/m/n/10 ##   post                         author   postdate      wc t
hread_title[] 
 []


Overfull \hbox (27.75pt too wide) in paragraph at lines 356--356
[]\TU/lmtt/m/n/10 ## 1 Wenn Impfungen zu Todesfll~ zwerg-b~ 2018-04-06    26 H
PV-Impfung[] 
 []


Overfull \hbox (90.75pt too wide) in paragraph at lines 356--356
[]\TU/lmtt/m/n/10 ## 2 Hallo Moni Danke fr deine ~ Inaktiv  2017-06-03    21 W
arum so oft Scheidenp~[] 
 []


Overfull \hbox (90.75pt too wide) in paragraph at lines 356--356
[]\TU/lmtt/m/n/10 ## 3 Hallo ja sind glaube ich dr~ danerl   2017-06-05    42 W
arum so oft Scheidenp~[] 
 []

[9

]
Overfull \hbox (90.75pt too wide) in paragraph at lines 356--356
[]\TU/lmtt/m/n/10 ## 4 Guten Morgen, gibt es hier ~ butterf~ 2017-05-14   133 I
mpfung Deutschland/s~[] 
 []


Overfull \hbox (90.75pt too wide) in paragraph at lines 356--356
[]\TU/lmtt/m/n/10 ## 5 In sterreich wird im 3., 5~ butterf~ 2017-05-15    68 I
mpfung Deutschland/s~[] 
 []

File: workshop_topicmodels_files/figure-latex/read-data-1.pdf Graphic file (typ
e pdf)
<use workshop_topicmodels_files/figure-latex/read-data-1.pdf>

Underfull \hbox (badness 1270) in paragraph at lines 398--399
[]\TU/lmr/m/n/10 Die Variable \TU/lmtt/m/n/10 thread_title \TU/lmr/m/n/10 enth
lt den Titel des Diskussions-
 []

[10]

Package natbib Warning: Citation `dennyTextPreprocessingUnsupervised2018' on pa
ge 11 undefined on input line 412.


Package natbib Warning: Citation `maierApplyingLDATopic2018' on page 11 undefin
ed on input line 412.


Package natbib Warning: Citation `schofieldComparingApplesApple2016' on page 11
 undefined on input line 433.


Package natbib Warning: Citation `schofieldComparingApplesApple2016' on page 11
 undefined on input line 433.


Package natbib Warning: Citation `maierApplyingLDATopic2018' on page 11 undefin
ed on input line 435.

[11]

Package natbib Warning: Citation `maierApplyingLDATopic2018' on page 12 undefin
ed on input line 439.


Underfull \vbox (badness 2662) has occurred while \output is active []

[12]
Overfull \hbox (33.0pt too wide) in paragraph at lines 482--482
[]\TU/lmtt/m/n/10 ##   Text Types Tokens Sentences       author   postdate wc t
hread_title[] 
 []


Overfull \hbox (33.0pt too wide) in paragraph at lines 482--482
[]\TU/lmtt/m/n/10 ##  text1    27     29         2 zwerg-bayern 2018-04-06 26  
HPV-Impfung[] 
 []


Overfull \hbox (699.75pt too wide) in paragraph at lines 482--482
[]\TU/lmtt/m/n/10 ##                                                           
                                                                               
                                                        txt[] 
 []


Overfull \hbox (699.75pt too wide) in paragraph at lines 482--482
[]\TU/lmtt/m/n/10 ##  Wenn Impfungen zu Todesflle oder starken Nebenwirkungen 
in einzelnen Fllen fhren, spricht dann fr Immungschwche oder schlummernder 
Krankheit. Ein gesunder Mensch stirbt nicht an der Impfung.[] 
 []

[13]
Overfull \hbox (148.5pt too wide) in paragraph at lines 564--564
[]\TU/lmtt/m/n/10 ## Document-feature matrix of: 12,369 documents, 41,385 featu
res (99.9% sparse) and 6 docvars.[] 
 []


Overfull \hbox (54.0pt too wide) in paragraph at lines 564--564
[]\TU/lmtt/m/n/10 ## docs    TROTZ_IMPFUNG GRIPPE_IMPFEN MMR_IMPFUNG HEPATITIS_
B GUT_VERTRAGEN[] 
 []


Overfull \hbox (54.0pt too wide) in paragraph at lines 564--564
[]\TU/lmtt/m/n/10 ##   text1             0             0           0           
0             0[] 
 []


Overfull \hbox (54.0pt too wide) in paragraph at lines 564--564
[]\TU/lmtt/m/n/10 ##   text2             0             0           0           
0             0[] 
 []


Overfull \hbox (54.0pt too wide) in paragraph at lines 564--564
[]\TU/lmtt/m/n/10 ##   text3             0             0           0           
0             0[] 
 []


Overfull \hbox (54.0pt too wide) in paragraph at lines 564--564
[]\TU/lmtt/m/n/10 ##   text4             1             0           0           
0             0[] 
 []


Overfull \hbox (54.0pt too wide) in paragraph at lines 564--564
[]\TU/lmtt/m/n/10 ##   text5             0             0           0           
0             0[] 
 []


Overfull \hbox (54.0pt too wide) in paragraph at lines 564--564
[]\TU/lmtt/m/n/10 ##   text6             0             0           0           
0             0[] 
 []


Overfull \hbox (59.25pt too wide) in paragraph at lines 564--564
[]\TU/lmtt/m/n/10 ## docs    6FACH_IMPFUNG 6_FACH 6_FACH_IMPFUNG MENINGOKOKKEN_
B GUTE_BESSERUNG[] 
 []


Overfull \hbox (59.25pt too wide) in paragraph at lines 564--564
[]\TU/lmtt/m/n/10 ##   text1             0      0              0               
0              0[] 
 []


Overfull \hbox (59.25pt too wide) in paragraph at lines 564--564
[]\TU/lmtt/m/n/10 ##   text2             0      0              0               
0              0[] 
 []


Overfull \hbox (59.25pt too wide) in paragraph at lines 564--564
[]\TU/lmtt/m/n/10 ##   text3             0      0              0               
0              0[] 
 []


Overfull \hbox (59.25pt too wide) in paragraph at lines 564--564
[]\TU/lmtt/m/n/10 ##   text4             1      0              0               
0              0[] 
 []


Overfull \hbox (59.25pt too wide) in paragraph at lines 564--564
[]\TU/lmtt/m/n/10 ##   text5             0      0              0               
0              0[] 
 []


Overfull \hbox (59.25pt too wide) in paragraph at lines 564--564
[]\TU/lmtt/m/n/10 ##   text6             0      0              0               
0              0[] 
 []


Overfull \hbox (143.25pt too wide) in paragraph at lines 564--564
[]\TU/lmtt/m/n/10 ## [ reached max_ndoc ... 12,363 more documents, reached max_
nfeat ... 41,375 more features ][] 
 []


Overfull \hbox (143.25pt too wide) in paragraph at lines 602--602
[]\TU/lmtt/m/n/10 ## Document-feature matrix of: 12,369 documents, 1,150 featur
es (98.2% sparse) and 6 docvars.[] 
 []


Overfull \hbox (27.75pt too wide) in paragraph at lines 602--602
[]\TU/lmtt/m/n/10 ## docs    TROTZ_IMPFUNG GRIPPE_IMPFEN MMR_IMPFUNG GUT_VERTRA
GEN 6_FACH[] 
 []


Overfull \hbox (27.75pt too wide) in paragraph at lines 602--602
[]\TU/lmtt/m/n/10 ##   text1             0             0           0           
  0      0[] 
 []


Overfull \hbox (27.75pt too wide) in paragraph at lines 602--602
[]\TU/lmtt/m/n/10 ##   text2             0             0           0           
  0      0[] 
 []


Overfull \hbox (27.75pt too wide) in paragraph at lines 602--602
[]\TU/lmtt/m/n/10 ##   text3             0             0           0           
  0      0[] 
 []


Overfull \hbox (27.75pt too wide) in paragraph at lines 602--602
[]\TU/lmtt/m/n/10 ##   text4             1             0           0           
  0      0[] 
 []


Overfull \hbox (27.75pt too wide) in paragraph at lines 602--602
[]\TU/lmtt/m/n/10 ##   text5             0             0           0           
  0      0[] 
 []


Overfull \hbox (27.75pt too wide) in paragraph at lines 602--602
[]\TU/lmtt/m/n/10 ##   text6             0             0           0           
  0      0[] 
 []

[14]
Overfull \hbox (33.0pt too wide) in paragraph at lines 602--602
[]\TU/lmtt/m/n/10 ## docs    MENINGOKOKKEN_B GUTE_BESSERUNG ERHHTE_TEMPERATUR 
KEIN_FIEBER[] 
 []


Overfull \hbox (33.0pt too wide) in paragraph at lines 602--602
[]\TU/lmtt/m/n/10 ##   text1               0              0                  0 
          0[] 
 []


Overfull \hbox (33.0pt too wide) in paragraph at lines 602--602
[]\TU/lmtt/m/n/10 ##   text2               0              0                  0 
          0[] 
 []


Overfull \hbox (33.0pt too wide) in paragraph at lines 602--602
[]\TU/lmtt/m/n/10 ##   text3               0              0                  0 
          0[] 
 []


Overfull \hbox (33.0pt too wide) in paragraph at lines 602--602
[]\TU/lmtt/m/n/10 ##   text4               0              0                  0 
          0[] 
 []


Overfull \hbox (33.0pt too wide) in paragraph at lines 602--602
[]\TU/lmtt/m/n/10 ##   text5               0              0                  0 
          0[] 
 []


Overfull \hbox (33.0pt too wide) in paragraph at lines 602--602
[]\TU/lmtt/m/n/10 ##   text6               0              0                  0 
          0[] 
 []


Overfull \hbox (138.0pt too wide) in paragraph at lines 602--602
[]\TU/lmtt/m/n/10 ## [ reached max_ndoc ... 12,363 more documents, reached max_
nfeat ... 1,140 more features ][] 
 []


Underfull \vbox (badness 10000) has occurred while \output is active []

[15]
Overfull \hbox (85.5pt too wide) in paragraph at lines 673--673
[]\TU/lmtt/m/n/10 ## Warning in graphics::strwidth(word[i], cex = size[i]): Kon
vertierungsfehler fr[] 
 []

Missing character: There is no  in font [lmmono10-regular]:!

Overfull \hbox (85.5pt too wide) in paragraph at lines 678--678
[]\TU/lmtt/m/n/10 ## Warning in graphics::strwidth(word[i], cex = size[i]): Kon
vertierungsfehler fr[] 
 []

Missing character: There is no  in font [lmmono10-regular]:!

Overfull \hbox (85.5pt too wide) in paragraph at lines 683--683
[]\TU/lmtt/m/n/10 ## Warning in graphics::strwidth(word[i], cex = size[i]): Kon
vertierungsfehler fr[] 
 []

Missing character: There is no  in font [lmmono10-regular]:!

Overfull \hbox (85.5pt too wide) in paragraph at lines 688--688
[]\TU/lmtt/m/n/10 ## Warning in graphics::strwidth(word[i], cex = size[i]): Kon
vertierungsfehler fr[] 
 []

Missing character: There is no  in font [lmmono10-regular]:!

Overfull \hbox (85.5pt too wide) in paragraph at lines 693--693
[]\TU/lmtt/m/n/10 ## Warning in text.default(x1, y1, word[i], cex = (1 + adjust
) * size[i], offset =[] 
 []

Missing character: There is no  in font [lmmono10-regular]:!

Overfull \hbox (30.55pt too wide) in paragraph at lines 693--693
[]\TU/lmtt/m/n/10 ## 0, : Konvertierungsfehler fr [][] in []mbcsToSbcs[]: Pun
kt ersetzt <f0>[] 
 []


Overfull \hbox (85.5pt too wide) in paragraph at lines 698--698
[]\TU/lmtt/m/n/10 ## Warning in text.default(x1, y1, word[i], cex = (1 + adjust
) * size[i], offset =[] 
 []

Missing character: There is no  in font [lmmono10-regular]:!

Overfull \hbox (30.55pt too wide) in paragraph at lines 698--698
[]\TU/lmtt/m/n/10 ## 0, : Konvertierungsfehler fr [][] in []mbcsToSbcs[]: Pun
kt ersetzt <9f>[] 
 []


Overfull \hbox (85.5pt too wide) in paragraph at lines 703--703
[]\TU/lmtt/m/n/10 ## Warning in text.default(x1, y1, word[i], cex = (1 + adjust
) * size[i], offset =[] 
 []

Missing character: There is no  in font [lmmono10-regular]:!

Overfull \hbox (30.55pt too wide) in paragraph at lines 703--703
[]\TU/lmtt/m/n/10 ## 0, : Konvertierungsfehler fr [][] in []mbcsToSbcs[]: Pun
kt ersetzt <98>[] 
 []


Overfull \hbox (85.5pt too wide) in paragraph at lines 708--708
[]\TU/lmtt/m/n/10 ## Warning in text.default(x1, y1, word[i], cex = (1 + adjust
) * size[i], offset =[] 
 []

Missing character: There is no  in font [lmmono10-regular]:!

Overfull \hbox (30.55pt too wide) in paragraph at lines 708--708
[]\TU/lmtt/m/n/10 ## 0, : Konvertierungsfehler fr [][] in []mbcsToSbcs[]: Pun
kt ersetzt <8a>[] 
 []


Overfull \hbox (85.5pt too wide) in paragraph at lines 713--713
[]\TU/lmtt/m/n/10 ## Warning in text.default(x1, y1, word[i], cex = (1 + adjust
) * size[i], offset =[] 
 []

[16]
Overfull \hbox (85.5pt too wide) in paragraph at lines 718--718
[]\TU/lmtt/m/n/10 ## Warning in graphics::strwidth(word[i], cex = size[i]): Kon
vertierungsfehler fr[] 
 []

Missing character: There is no  in font [lmmono10-regular]:!

Overfull \hbox (85.5pt too wide) in paragraph at lines 723--723
[]\TU/lmtt/m/n/10 ## Warning in graphics::strwidth(word[i], cex = size[i]): Kon
vertierungsfehler fr[] 
 []

Missing character: There is no  in font [lmmono10-regular]:!

Overfull \hbox (85.5pt too wide) in paragraph at lines 728--728
[]\TU/lmtt/m/n/10 ## Warning in graphics::strwidth(word[i], cex = size[i]): Kon
vertierungsfehler fr[] 
 []

Missing character: There is no  in font [lmmono10-regular]:!

Overfull \hbox (85.5pt too wide) in paragraph at lines 733--733
[]\TU/lmtt/m/n/10 ## Warning in graphics::strwidth(word[i], cex = size[i]): Kon
vertierungsfehler fr[] 
 []

Missing character: There is no  in font [lmmono10-regular]:!

Overfull \hbox (85.5pt too wide) in paragraph at lines 738--738
[]\TU/lmtt/m/n/10 ## Warning in text.default(x1, y1, word[i], cex = (1 + adjust
) * size[i], offset =[] 
 []

Missing character: There is no  in font [lmmono10-regular]:!

Overfull \hbox (30.55pt too wide) in paragraph at lines 738--738
[]\TU/lmtt/m/n/10 ## 0, : Konvertierungsfehler fr [][] in []mbcsToSbcs[]: Pun
kt ersetzt <f0>[] 
 []


Overfull \hbox (85.5pt too wide) in paragraph at lines 743--743
[]\TU/lmtt/m/n/10 ## Warning in text.default(x1, y1, word[i], cex = (1 + adjust
) * size[i], offset =[] 
 []

Missing character: There is no  in font [lmmono10-regular]:!

Overfull \hbox (30.55pt too wide) in paragraph at lines 743--743
[]\TU/lmtt/m/n/10 ## 0, : Konvertierungsfehler fr [][] in []mbcsToSbcs[]: Pun
kt ersetzt <9f>[] 
 []


Overfull \hbox (85.5pt too wide) in paragraph at lines 748--748
[]\TU/lmtt/m/n/10 ## Warning in text.default(x1, y1, word[i], cex = (1 + adjust
) * size[i], offset =[] 
 []

Missing character: There is no  in font [lmmono10-regular]:!

Overfull \hbox (30.55pt too wide) in paragraph at lines 748--748
[]\TU/lmtt/m/n/10 ## 0, : Konvertierungsfehler fr [][] in []mbcsToSbcs[]: Pun
kt ersetzt <98>[] 
 []


Overfull \hbox (85.5pt too wide) in paragraph at lines 753--753
[]\TU/lmtt/m/n/10 ## Warning in text.default(x1, y1, word[i], cex = (1 + adjust
) * size[i], offset =[] 
 []

Missing character: There is no  in font [lmmono10-regular]:!

Overfull \hbox (30.55pt too wide) in paragraph at lines 753--753
[]\TU/lmtt/m/n/10 ## 0, : Konvertierungsfehler fr [][] in []mbcsToSbcs[]: Pun
kt ersetzt <82>[] 
 []


Overfull \hbox (85.5pt too wide) in paragraph at lines 758--758
[]\TU/lmtt/m/n/10 ## Warning in text.default(x1, y1, word[i], cex = (1 + adjust
) * size[i], offset =[] 
 []


Overfull \hbox (85.5pt too wide) in paragraph at lines 763--763
[]\TU/lmtt/m/n/10 ## Warning in graphics::strwidth(word[i], cex = size[i]): Kon
vertierungsfehler fr[] 
 []

Missing character: There is no  in font [lmmono10-regular]:!

Overfull \hbox (85.5pt too wide) in paragraph at lines 768--768
[]\TU/lmtt/m/n/10 ## Warning in graphics::strwidth(word[i], cex = size[i]): Kon
vertierungsfehler fr[] 
 []

Missing character: There is no  in font [lmmono10-regular]:!

Overfull \hbox (85.5pt too wide) in paragraph at lines 773--773
[]\TU/lmtt/m/n/10 ## Warning in graphics::strwidth(word[i], cex = size[i]): Kon
vertierungsfehler fr[] 
 []

Missing character: There is no  in font [lmmono10-regular]:!

Overfull \hbox (85.5pt too wide) in paragraph at lines 778--778
[]\TU/lmtt/m/n/10 ## Warning in graphics::strwidth(word[i], cex = size[i]): Kon
vertierungsfehler fr[] 
 []

Missing character: There is no  in font [lmmono10-regular]:!

Overfull \hbox (85.5pt too wide) in paragraph at lines 783--783
[]\TU/lmtt/m/n/10 ## Warning in text.default(x1, y1, word[i], cex = (1 + adjust
) * size[i], offset =[] 
 []

Missing character: There is no  in font [lmmono10-regular]:!

Overfull \hbox (30.55pt too wide) in paragraph at lines 783--783
[]\TU/lmtt/m/n/10 ## 0, : Konvertierungsfehler fr [][] in []mbcsToSbcs[]: Pun
kt ersetzt <f0>[] 
 []


Overfull \hbox (85.5pt too wide) in paragraph at lines 788--788
[]\TU/lmtt/m/n/10 ## Warning in text.default(x1, y1, word[i], cex = (1 + adjust
) * size[i], offset =[] 
 []

Missing character: There is no  in font [lmmono10-regular]:!

Overfull \hbox (30.55pt too wide) in paragraph at lines 788--788
[]\TU/lmtt/m/n/10 ## 0, : Konvertierungsfehler fr [][] in []mbcsToSbcs[]: Pun
kt ersetzt <9f>[] 
 []


Overfull \hbox (85.5pt too wide) in paragraph at lines 793--793
[]\TU/lmtt/m/n/10 ## Warning in text.default(x1, y1, word[i], cex = (1 + adjust
) * size[i], offset =[] 
 []

Missing character: There is no  in font [lmmono10-regular]:!

Overfull \hbox (30.55pt too wide) in paragraph at lines 793--793
[]\TU/lmtt/m/n/10 ## 0, : Konvertierungsfehler fr [][] in []mbcsToSbcs[]: Pun
kt ersetzt <98>[] 
 []


Overfull \hbox (85.5pt too wide) in paragraph at lines 798--798
[]\TU/lmtt/m/n/10 ## Warning in text.default(x1, y1, word[i], cex = (1 + adjust
) * size[i], offset =[] 
 []

Missing character: There is no  in font [lmmono10-regular]:!

Overfull \hbox (30.55pt too wide) in paragraph at lines 798--798
[]\TU/lmtt/m/n/10 ## 0, : Konvertierungsfehler fr [][] in []mbcsToSbcs[]: Pun
kt ersetzt <89>[] 
 []


Overfull \hbox (85.5pt too wide) in paragraph at lines 803--803
[]\TU/lmtt/m/n/10 ## Warning in text.default(x1, y1, word[i], cex = (1 + adjust
) * size[i], offset =[] 
 []

[17]
Overfull \hbox (85.5pt too wide) in paragraph at lines 808--808
[]\TU/lmtt/m/n/10 ## Warning in graphics::strwidth(word[i], cex = size[i]): Kon
vertierungsfehler fr[] 
 []

Missing character: There is no  in font [lmmono10-regular]:!

Overfull \hbox (85.5pt too wide) in paragraph at lines 813--813
[]\TU/lmtt/m/n/10 ## Warning in graphics::strwidth(word[i], cex = size[i]): Kon
vertierungsfehler fr[] 
 []

Missing character: There is no  in font [lmmono10-regular]:!

Overfull \hbox (85.5pt too wide) in paragraph at lines 818--818
[]\TU/lmtt/m/n/10 ## Warning in graphics::strwidth(word[i], cex = size[i]): Kon
vertierungsfehler fr[] 
 []

Missing character: There is no  in font [lmmono10-regular]:!

Overfull \hbox (85.5pt too wide) in paragraph at lines 823--823
[]\TU/lmtt/m/n/10 ## Warning in graphics::strwidth(word[i], cex = size[i]): Kon
vertierungsfehler fr[] 
 []

Missing character: There is no  in font [lmmono10-regular]:!

Overfull \hbox (85.5pt too wide) in paragraph at lines 828--828
[]\TU/lmtt/m/n/10 ## Warning in text.default(x1, y1, word[i], cex = (1 + adjust
) * size[i], offset =[] 
 []

Missing character: There is no  in font [lmmono10-regular]:!

Overfull \hbox (30.55pt too wide) in paragraph at lines 828--828
[]\TU/lmtt/m/n/10 ## 0, : Konvertierungsfehler fr [][] in []mbcsToSbcs[]: Pun
kt ersetzt <f0>[] 
 []


Overfull \hbox (85.5pt too wide) in paragraph at lines 833--833
[]\TU/lmtt/m/n/10 ## Warning in text.default(x1, y1, word[i], cex = (1 + adjust
) * size[i], offset =[] 
 []

Missing character: There is no  in font [lmmono10-regular]:!

Overfull \hbox (30.55pt too wide) in paragraph at lines 833--833
[]\TU/lmtt/m/n/10 ## 0, : Konvertierungsfehler fr [][] in []mbcsToSbcs[]: Pun
kt ersetzt <9f>[] 
 []


Overfull \hbox (85.5pt too wide) in paragraph at lines 838--838
[]\TU/lmtt/m/n/10 ## Warning in text.default(x1, y1, word[i], cex = (1 + adjust
) * size[i], offset =[] 
 []

Missing character: There is no  in font [lmmono10-regular]:!

Overfull \hbox (30.55pt too wide) in paragraph at lines 838--838
[]\TU/lmtt/m/n/10 ## 0, : Konvertierungsfehler fr [][] in []mbcsToSbcs[]: Pun
kt ersetzt <99>[] 
 []


Overfull \hbox (85.5pt too wide) in paragraph at lines 843--843
[]\TU/lmtt/m/n/10 ## Warning in text.default(x1, y1, word[i], cex = (1 + adjust
) * size[i], offset =[] 
 []

Missing character: There is no  in font [lmmono10-regular]:!

Overfull \hbox (30.55pt too wide) in paragraph at lines 843--843
[]\TU/lmtt/m/n/10 ## 0, : Konvertierungsfehler fr [][] in []mbcsToSbcs[]: Pun
kt ersetzt <88>[] 
 []


Overfull \hbox (85.5pt too wide) in paragraph at lines 848--848
[]\TU/lmtt/m/n/10 ## Warning in text.default(x1, y1, word[i], cex = (1 + adjust
) * size[i], offset =[] 
 []


Overfull \hbox (85.5pt too wide) in paragraph at lines 853--853
[]\TU/lmtt/m/n/10 ## Warning in graphics::strwidth(word[i], cex = size[i]): Kon
vertierungsfehler fr[] 
 []

Missing character: There is no  in font [lmmono10-regular]:!

Overfull \hbox (85.5pt too wide) in paragraph at lines 858--858
[]\TU/lmtt/m/n/10 ## Warning in graphics::strwidth(word[i], cex = size[i]): Kon
vertierungsfehler fr[] 
 []

Missing character: There is no  in font [lmmono10-regular]:!

Overfull \hbox (85.5pt too wide) in paragraph at lines 863--863
[]\TU/lmtt/m/n/10 ## Warning in graphics::strwidth(word[i], cex = size[i]): Kon
vertierungsfehler fr[] 
 []

Missing character: There is no  in font [lmmono10-regular]:!

Overfull \hbox (85.5pt too wide) in paragraph at lines 868--868
[]\TU/lmtt/m/n/10 ## Warning in graphics::strwidth(word[i], cex = size[i]): Kon
vertierungsfehler fr[] 
 []

Missing character: There is no  in font [lmmono10-regular]:!

Overfull \hbox (85.5pt too wide) in paragraph at lines 873--873
[]\TU/lmtt/m/n/10 ## Warning in text.default(x1, y1, word[i], cex = (1 + adjust
) * size[i], offset =[] 
 []

Missing character: There is no  in font [lmmono10-regular]:!

Overfull \hbox (30.55pt too wide) in paragraph at lines 873--873
[]\TU/lmtt/m/n/10 ## 0, : Konvertierungsfehler fr [][] in []mbcsToSbcs[]: Pun
kt ersetzt <f0>[] 
 []


Overfull \hbox (85.5pt too wide) in paragraph at lines 878--878
[]\TU/lmtt/m/n/10 ## Warning in text.default(x1, y1, word[i], cex = (1 + adjust
) * size[i], offset =[] 
 []

Missing character: There is no  in font [lmmono10-regular]:!

Overfull \hbox (30.55pt too wide) in paragraph at lines 878--878
[]\TU/lmtt/m/n/10 ## 0, : Konvertierungsfehler fr [][] in []mbcsToSbcs[]: Pun
kt ersetzt <9f>[] 
 []


Overfull \hbox (85.5pt too wide) in paragraph at lines 883--883
[]\TU/lmtt/m/n/10 ## Warning in text.default(x1, y1, word[i], cex = (1 + adjust
) * size[i], offset =[] 
 []

Missing character: There is no  in font [lmmono10-regular]:!

Overfull \hbox (30.55pt too wide) in paragraph at lines 883--883
[]\TU/lmtt/m/n/10 ## 0, : Konvertierungsfehler fr [][] in []mbcsToSbcs[]: Pun
kt ersetzt <98>[] 
 []


Overfull \hbox (85.5pt too wide) in paragraph at lines 888--888
[]\TU/lmtt/m/n/10 ## Warning in text.default(x1, y1, word[i], cex = (1 + adjust
) * size[i], offset =[] 
 []

Missing character: There is no  in font [lmmono10-regular]:!

Overfull \hbox (30.55pt too wide) in paragraph at lines 888--888
[]\TU/lmtt/m/n/10 ## 0, : Konvertierungsfehler fr [][] in []mbcsToSbcs[]: Pun
kt ersetzt <85>[] 
 []


Overfull \hbox (85.5pt too wide) in paragraph at lines 893--893
[]\TU/lmtt/m/n/10 ## Warning in text.default(x1, y1, word[i], cex = (1 + adjust
) * size[i], offset =[] 
 []

[18]
File: workshop_topicmodels_files/figure-latex/prepare-data-1.pdf Graphic file (
type pdf)
<use workshop_topicmodels_files/figure-latex/prepare-data-1.pdf>

Overfull \hbox (75.0pt too wide) in paragraph at lines 908--908
[]\TU/lmtt/m/n/10 ## Warning in dfm2stm(x, docvars, omit_empty = TRUE): Dropped
 empty document(s):[] 
 []

[19] [20

]
Chapter 3.

Underfull \hbox (badness 1540) in paragraph at lines 918--919
\TU/lmr/m/n/10 passen. Wir beschrnken uns im Folgenden auf drei wesentliche
 []


Package natbib Warning: Citation `robertsStmPackageStructural2019' on page 21 u
ndefined on input line 930.

[21]
Underfull \hbox (badness 2452) in paragraph at lines 969--970
\TU/lmr/m/n/10 wird, mssen mehrere Schtzungen fr eine Spezifikation
 []


Overfull \hbox (85.30782pt too wide) has occurred while \output is active
\TU/lmr/m/n/10 22 \TU/lmr/m/sl/10 CHAPTER 3.  MODELLSPEZIFIKATION, MODELLVERGLE
ICH UND MODELLAUSWAHL
 []

[22] [23]
Overfull \hbox (85.30782pt too wide) has occurred while \output is active
\TU/lmr/m/n/10 24 \TU/lmr/m/sl/10 CHAPTER 3.  MODELLSPEZIFIKATION, MODELLVERGLE
ICH UND MODELLAUSWAHL
 []

[24]
File: workshop_topicmodels_files/figure-latex/model-compare-1.pdf Graphic file 
(type pdf)
<use workshop_topicmodels_files/figure-latex/model-compare-1.pdf>

Underfull \vbox (badness 3471) detected at line 1104
 []

[25]
File: workshop_topicmodels_files/figure-latex/model-compare-2.pdf Graphic file 
(type pdf)
<use workshop_topicmodels_files/figure-latex/model-compare-2.pdf>
File: workshop_topicmodels_files/figure-latex/model-compare-3.pdf Graphic file 
(type pdf)
<use workshop_topicmodels_files/figure-latex/model-compare-3.pdf>

Underfull \vbox (badness 10000) has occurred while \output is active []


Overfull \hbox (85.30782pt too wide) has occurred while \output is active
\TU/lmr/m/n/10 26 \TU/lmr/m/sl/10 CHAPTER 3.  MODELLSPEZIFIKATION, MODELLVERGLE
ICH UND MODELLAUSWAHL
 []

[26]

Package natbib Warning: Citation `robertsStructuralTopicModels2014' on page 27 
undefined on input line 1135.


Package natbib Warning: Citation `davidmimnoOptimizingSemanticCoherence2011' on
 page 27 undefined on input line 1135.


Underfull \vbox (badness 10000) has occurred while \output is active []

[27]
Underfull \hbox (badness 1565) in paragraph at lines 1142--1144
\TU/lmr/m/n/10 knnte vielleicht infrage kommen, wenn wir Sparsamkeit sehr
 []


Overfull \hbox (85.30782pt too wide) has occurred while \output is active
\TU/lmr/m/n/10 28 \TU/lmr/m/sl/10 CHAPTER 3.  MODELLSPEZIFIKATION, MODELLVERGLE
ICH UND MODELLAUSWAHL
 []

[28]
Underfull \hbox (badness 1337) in paragraph at lines 1189--1190
\TU/lmr/m/n/10 die Wahrscheinlichkeit, dass das Dokument das Topic enthlt.
 []

[29]
Overfull \hbox (26.91pt too wide) in paragraph at lines 1212--1213
\TU/lmr/m/n/10 stminsights by running devtools::install_github(cschwem2er/stmi
nsights)
 []


Overfull \hbox (85.30782pt too wide) has occurred while \output is active
\TU/lmr/m/n/10 30 \TU/lmr/m/sl/10 CHAPTER 3.  MODELLSPEZIFIKATION, MODELLVERGLE
ICH UND MODELLAUSWAHL
 []

[30]
Underfull \hbox (badness 2426) in paragraph at lines 1248--1250
\TU/lmr/m/n/10 lichkeit, dass ein Feature in einem beliebigen Dokument
 []


Underfull \hbox (badness 2903) in paragraph at lines 1253--1255
[]\TU/lmr/m/n/10 Mit den Auszgen aus dem Datensatz typischer Dokumente
 []


Overfull \hbox (6.75pt too wide) in paragraph at lines 1286--1286
[]\TU/lmtt/m/n/10 ##       Highest Prob: 2, 3, 1, monate, erst, monaten, 4, 6, 
alt, 5[] 
 []


Overfull \hbox (48.75pt too wide) in paragraph at lines 1286--1286
[]\TU/lmtt/m/n/10 ##       Lift: sterreich, zecken, monat, fach, 3, 2, monate,
 6, +, monaten[] 
 []


Overfull \hbox (1.5pt too wide) in paragraph at lines 1286--1286
[]\TU/lmtt/m/n/10 ##       Score: sterreich, 2, 3, monate, 1, monaten, 4, alt,
 6, +[] 
 []

[31]
Overfull \hbox (904.5pt too wide) in paragraph at lines 1320--1320
[]\TU/lmtt/m/n/10 ## 0.62: da fngt der 12 lebensmonat an, ein Jahr alt ist dei
n Baby dann erst mit vollendetem 12. Lebensmonat.... meine Tochter wird jetzt a
m 24.07 12 Monate alt, und am 24.08 wird sie 1 Jahr....da ist also der 12 leben
smonat vollendet :)[] 
 []


Overfull \hbox (2458.5pt too wide) in paragraph at lines 1320--1320
[]\TU/lmtt/m/n/10 ## 0.59: Man spricht erst sobald der Monat vollendet ist vom 
z.B. 12. Monat. Deine Tochter ist also einen Monat vor ihrem 1. Geburtstag ELF 
Monate alt und nicht 12... Klar, sie befindet sich ab dem 24.07. im zwlften Le
bensmonat, ist aber noch keine 12 Monate alt, sondern 11. Kann etwas verwirrend
 sein, ich wei... Denn sie ist am Tag ihrer Geburt ja auch nicht einen Monat a
lt... Sondern erst einen Monat nach ihrer Geburt Ich bin aktuell 30 Jahre alt u
nd befinde mich somit in meinem 31. Lebensjahr. So wird das immer gerechnet :)[
] 
 []


Overfull \hbox (1734.0pt too wide) in paragraph at lines 1320--1320
[]\TU/lmtt/m/n/10 ## 0.59: In sterreich wird im 3., 5. und 12. Monat geimpft. 
Ich bin auf einer anderen Seite auch fndig geworden. Dieses Schema nennt sich 
2+1. Das in Deutschland von der Stiko empfohlene Schema nennt sich 3+1. Beide S
chemata werden wohl in Deutschland als Grundimmunisierung anerkannt, da das Sch
ema 2+1 einen hnlichen bzw. gleichen Effekt hat wie 3+1. Die Stiko empfiehlt h
alt das 3+1 Schema.[] 
 []


Overfull \hbox (1886.25pt too wide) in paragraph at lines 1320--1320
[]\TU/lmtt/m/n/10 ## 0.53: so mein ich ja :) sie befindet sich ab dem Tag ihrer
 Geburt ja im erst Lebensmonat und nicht im nullsten Lebensmonat :D und ab dem 
24.07 ist sie im 12. ebensmonat.... wenn mich jemand Frgt wie alt sie ist sag
 ich auch nich 12 Monate alt sonder sie wird Ende August 1 Jahr alt...aber prin
zipiell, so wird es auch bei Urbia angezeigt ist sie ab 24.07 im 12 lebensmonat
....und wenn der vollendet ist, wird sie 1... :)[] 
 []


Overfull \hbox (972.75pt too wide) in paragraph at lines 1320--1320
[]\TU/lmtt/m/n/10 ## 0.51: Wir mussten 2 Monate auf den Termin beim Kardiologen
 warten. Hatten den Termin dann als er jetzt 6 Monate alt war. Das Herzgerusch
 sind 2 Sehnenfden, aber er hat auch ein Mini Loch. Wir mssen erst wieder zur
 Kontrolle, wenn er 3 Jahre ist.[] 
 []


Overfull \hbox (1193.25pt too wide) in paragraph at lines 1320--1320
[]\TU/lmtt/m/n/10 ## 0.5: Korrektur: Bei der 2+1 Impfung sind ca 84% nach der 2
 . Impfung immun. Bei der 3+1 Impfung sind ca 95 % nach der 3. Impfung immun. U
nd die ersten beiden bzw. 3 Impfungen werden ja in einen Zeitraum von 2 Monaten
 verabreicht. Also durchaus noch abzuwarten, wenn du dir da Sorgen machst.[] 
 []


Overfull \hbox (2101.5pt too wide) in paragraph at lines 1320--1320
[]\TU/lmtt/m/n/10 ## 0.47: hallo rebecca es gibt auch "Mittelwege", zB das 2+1-
Schema. Man beginnt erst mit 3 Monaten und spart sich eine Impfdosis. (Normaler
weise ist ja 3 x innerhalb des 1. Lebensjahres und 1 x zur Auffrischung). Die I
mmunantwort ist am Ende wohl identisch, das Risiko besteht darin, dass man eben
 1 Monat spter beginnt und damit der Impfschutz 1 monat spter beginnt. Wobei 
das grte Risiko hier der Keuchhusten ist. Das 2+1-Schema ist zB in sterreich
 Standard.[] 
 []


Overfull \hbox (1639.5pt too wide) in paragraph at lines 1320--1320
[]\TU/lmtt/m/n/10 ## 0.47: Unter 2 Jahren muss 2x geimpft werden. Mein Sohn ist
 6 Monate. Wird am Freitag geimpft und dann in 2 Monaten wieder. Die Dritte erf
olgt wenn er 2 Jahre alt ist oder 3 Jahre. Du musst alle 3 Impfungen bezahlen j
eweils 120 Euro oder ein bisschen mehr. Die AOK Niedersachsen wird diese 3 Impf
ungen jeweils mit 80% mir erstatten. Die AOK Sachsen anscheinend alle 3 zu 100%
.[] 
 []


Overfull \hbox (405.75pt too wide) in paragraph at lines 1320--1320
[]\TU/lmtt/m/n/10 ## 0.44: Dann wr er aber 1 Monat vor Geburtstag 12 Monate : 
Wenn du die Wochen zhlst darfst du halt nicht 4 Wochen mit 1 Monat gleich setz
en.[] 
 []


Overfull \hbox (1303.5pt too wide) in paragraph at lines 1320--1320
[]\TU/lmtt/m/n/10 ## 0.43: Darf ich ber die Fragestellung hinaus fragen, wie g
enau der Ablauf dann genau ist. Befasse mich in den ersten Zgen mit dem Thema 
Impfen. Es wird also in den ersten 12 Monaten 2x 5fach geimpft und dann 1x bis 
zum 24 Monat? Kann man das system 2+1 auch auf 6fach-impfung bertragen? Und au
f +pneumokokken?[] 
 []


Underfull \hbox (badness 4060) in paragraph at lines 1338--1339
[]\TU/lmr/m/n/10 Die Labels aus meiner vorlufigen Interpretation finden sich i
n
 []


Overfull \hbox (85.30782pt too wide) has occurred while \output is active
\TU/lmr/m/n/10 32 \TU/lmr/m/sl/10 CHAPTER 3.  MODELLSPEZIFIKATION, MODELLVERGLE
ICH UND MODELLAUSWAHL
 []

[32]

Package natbib Warning: Citation `maierApplyingLDATopic2018' on page 33 undefin
ed on input line 1349.

File: workshop_topicmodels_files/figure-latex/model-compare2-1.pdf Graphic file
 (type pdf)
<use workshop_topicmodels_files/figure-latex/model-compare2-1.pdf>
File: workshop_topicmodels_files/figure-latex/model-compare2-2.pdf Graphic file
 (type pdf)
<use workshop_topicmodels_files/figure-latex/model-compare2-2.pdf>

Underfull \vbox (badness 10000) has occurred while \output is active []

[33]
No file workshop_topicmodels.bbl.

Package natbib Warning: There were undefined citations.

Package atveryend Info: Empty hook `BeforeClearDocument' on input line 1376.

Overfull \hbox (85.30782pt too wide) has occurred while \output is active
\TU/lmr/m/n/10 34 \TU/lmr/m/sl/10 CHAPTER 3.  MODELLSPEZIFIKATION, MODELLVERGLE
ICH UND MODELLAUSWAHL
 []

[34]
Package atveryend Info: Empty hook `AfterLastShipout' on input line 1376.
(./workshop_topicmodels.aux)
Package atveryend Info: Empty hook `AtVeryEndDocument' on input line 1376.
Package atveryend Info: Empty hook `AtEndAfterFileList' on input line 1376.

LaTeX Warning: Label(s) may have changed. Rerun to get cross-references right.

 ) 
Here is how much of TeX's memory you used:
 27929 strings out of 492916
 509615 string characters out of 6133345
 754226 words of memory out of 5000000
 31706 multiletter control sequences out of 15000+600000
 538772 words of font info for 82 fonts, out of 8000000 for 9000
 1348 hyphenation exceptions out of 8191
 58i,6n,115p,9343b,516s stack positions out of 5000i,500n,10000p,200000b,80000s

Output written on workshop_topicmodels.pdf (34 pages).
